## ComfyUI-Manager: installing dependencies done.
[2025-08-23 20:09:22.932] ** ComfyUI startup time: 2025-08-23 20:09:22.932
[2025-08-23 20:09:22.933] ** Platform: Windows
[2025-08-23 20:09:22.933] ** Python version: 3.12.9 (main, Feb 12 2025, 14:52:31) [MSC v.1942 64 bit (AMD64)]
[2025-08-23 20:09:22.933] ** Python executable: D:\Resources\.venv\Scripts\python.exe
[2025-08-23 20:09:22.933] ** ComfyUI Path: C:\Users\Admin\AppData\Local\Programs\@comfyorgcomfyui-electron\resources\ComfyUI
[2025-08-23 20:09:22.933] ** ComfyUI Base Folder Path: C:\Users\Admin\AppData\Local\Programs\@comfyorgcomfyui-electron\resources\ComfyUI
[2025-08-23 20:09:22.934] ** User directory: D:\Resources\user
[2025-08-23 20:09:22.935] ** ComfyUI-Manager config path: D:\Resources\user\default\ComfyUI-Manager\config.ini
[2025-08-23 20:09:22.935] ** Log path: D:\Resources\user\comfyui.log
[ComfyUI-Manager] Failed to restore comfyui-frontend-package
[2025-08-23 20:09:23.930] expected str, bytes or os.PathLike object, not NoneType
[2025-08-23 20:09:23.930] 
Prestartup times for custom nodes:
[2025-08-23 20:09:23.930]    2.5 seconds: C:\Users\Admin\AppData\Local\Programs\@comfyorgcomfyui-electron\resources\ComfyUI\custom_nodes\ComfyUI-Manager
[2025-08-23 20:09:23.930] 
[2025-08-23 20:09:25.497] Checkpoint files will always be loaded safely.
[2025-08-23 20:09:25.630] Total VRAM 16311 MB, total RAM 32678 MB
[2025-08-23 20:09:25.631] pytorch version: 2.7.0+cu128
[2025-08-23 20:09:25.631] Set vram state to: NORMAL_VRAM
[2025-08-23 20:09:25.632] Device: cuda:0 NVIDIA GeForce RTX 5060 Ti : cudaMallocAsync
[2025-08-23 20:09:26.922] Using pytorch attention
[2025-08-23 20:09:28.132] Python version: 3.12.9 (main, Feb 12 2025, 14:52:31) [MSC v.1942 64 bit (AMD64)]
[2025-08-23 20:09:28.132] ComfyUI version: 0.3.51
[2025-08-23 20:09:28.156] [Prompt Server] web root: C:\Users\Admin\AppData\Local\Programs\@comfyorgcomfyui-electron\resources\ComfyUI\web_custom_versions\desktop_app
[2025-08-23 20:09:30.138] [34m[ComfyUI-Easy-Use] server: [0mv1.3.2 [92mLoaded[0m
[2025-08-23 20:09:30.138] [34m[ComfyUI-Easy-Use] web root: [0mD:\Resources\custom_nodes\comfyui-easy-use\web_version/v2 [92mLoaded[0m
[2025-08-23 20:09:31.231] Warning: Could not load sageattention: No module named 'sageattention'
[2025-08-23 20:09:31.231] sageattention package is not installed, sageattention will not be available
[2025-08-23 20:09:31.336] ### Loading: ComfyUI-Manager (V3.30.4)
[2025-08-23 20:09:31.337] [ComfyUI-Manager] network_mode: public
[2025-08-23 20:09:31.337] ### ComfyUI Revision: UNKNOWN (The currently installed ComfyUI is not a Git repository)
[2025-08-23 20:09:31.357] 
Import times for custom nodes:
[2025-08-23 20:09:31.358]    0.0 seconds: C:\Users\Admin\AppData\Local\Programs\@comfyorgcomfyui-electron\resources\ComfyUI\custom_nodes\websocket_image_save.py
[2025-08-23 20:09:31.358]    0.0 seconds: D:\Resources\custom_nodes\lora-info
[2025-08-23 20:09:31.358]    0.0 seconds: D:\Resources\custom_nodes\ComfyUI-TeaCache
[2025-08-23 20:09:31.359]    0.0 seconds: D:\Resources\custom_nodes\comfyui-frame-interpolation
[2025-08-23 20:09:31.359]    0.0 seconds: D:\Resources\custom_nodes\comfyui-kjnodes
[2025-08-23 20:09:31.359]    0.0 seconds: C:\Users\Admin\AppData\Local\Programs\@comfyorgcomfyui-electron\resources\ComfyUI\custom_nodes\ComfyUI-Manager
[2025-08-23 20:09:31.359]    0.0 seconds: D:\Resources\custom_nodes\facerestore_cf
[2025-08-23 20:09:31.359]    0.0 seconds: D:\Resources\custom_nodes\comfyui-videohelpersuite
[2025-08-23 20:09:31.360]    1.0 seconds: D:\Resources\custom_nodes\comfyui-easy-use
[2025-08-23 20:09:31.360]    1.1 seconds: D:\Resources\custom_nodes\ComfyUI-WanVideoWrapper
[2025-08-23 20:09:31.360] 
[2025-08-23 20:09:31.769] Failed to initialize database. Please ensure you have installed the latest requirements. If the error persists, please report this as in future the database will be required: (sqlite3.OperationalError) unable to open database file
(Background on this error at: https://sqlalche.me/e/20/e3q8)
[2025-08-23 20:09:31.786] Starting server

[2025-08-23 20:09:31.786] To see the GUI go to: http://127.0.0.1:8005
[2025-08-23 20:09:31.883] [ComfyUI-Manager] default cache updated: https://raw.githubusercontent.com/ltdrdata/ComfyUI-Manager/main/alter-list.json
[2025-08-23 20:09:31.914] [ComfyUI-Manager] default cache updated: https://raw.githubusercontent.com/ltdrdata/ComfyUI-Manager/main/model-list.json
[2025-08-23 20:09:32.357] [ComfyUI-Manager] default cache updated: https://raw.githubusercontent.com/ltdrdata/ComfyUI-Manager/main/custom-node-list.json
[2025-08-23 20:09:32.378] [ComfyUI-Manager] default cache updated: https://raw.githubusercontent.com/ltdrdata/ComfyUI-Manager/main/github-stats.json
[2025-08-23 20:09:32.617] [ComfyUI-Manager] default cache updated: https://raw.githubusercontent.com/ltdrdata/ComfyUI-Manager/main/extension-node-map.json
[2025-08-23 20:09:33.539] comfyui-frontend-package not found in requirements.txt
[2025-08-23 20:09:34.070] comfyui-frontend-package not found in requirements.txt
[2025-08-23 20:09:36.445] FETCH ComfyRegistry Data: 5/95
[2025-08-23 20:09:36.974] FETCH DATA from: C:\Users\Admin\AppData\Local\Programs\@comfyorgcomfyui-electron\resources\ComfyUI\custom_nodes\ComfyUI-Manager\extension-node-map.json [DONE]
[2025-08-23 20:09:37.017] [ComfyUI-Manager] The ComfyRegistry cache update is still in progress, so an outdated cache is being used.
[2025-08-23 20:09:37.102] nightly_channel: local/local
[2025-08-23 20:09:37.102] FETCH DATA from: C:\Users\Admin\AppData\Local\Programs\@comfyorgcomfyui-electron\resources\ComfyUI\custom_nodes\ComfyUI-Manager\custom-node-list.json [DONE]
[2025-08-23 20:09:37.158] FETCH DATA from: C:\Users\Admin\AppData\Local\Programs\@comfyorgcomfyui-electron\resources\ComfyUI\custom_nodes\ComfyUI-Manager\github-stats.json [DONE]
[2025-08-23 20:09:37.161] FETCH DATA from: C:\Users\Admin\AppData\Local\Programs\@comfyorgcomfyui-electron\resources\ComfyUI\custom_nodes\ComfyUI-Manager\extras.json [DONE]
[2025-08-23 20:09:40.950] FETCH ComfyRegistry Data: 10/95
[2025-08-23 20:09:45.387] FETCH ComfyRegistry Data: 15/95
[2025-08-23 20:09:49.578] FETCH ComfyRegistry Data: 20/95
[2025-08-23 20:09:54.181] FETCH ComfyRegistry Data: 25/95
[2025-08-23 20:09:58.678] FETCH ComfyRegistry Data: 30/95
[2025-08-23 20:10:02.862] FETCH ComfyRegistry Data: 35/95
[2025-08-23 20:10:07.437] FETCH ComfyRegistry Data: 40/95
[2025-08-23 20:10:11.599] FETCH ComfyRegistry Data: 45/95
[2025-08-23 20:10:17.561] FETCH ComfyRegistry Data: 50/95
[2025-08-23 20:10:22.153] FETCH ComfyRegistry Data: 55/95
[2025-08-23 20:10:27.244] FETCH ComfyRegistry Data: 60/95
[2025-08-23 20:10:31.995] FETCH ComfyRegistry Data: 65/95
[2025-08-23 20:10:37.103] FETCH ComfyRegistry Data: 70/95
[2025-08-23 20:10:41.667] FETCH ComfyRegistry Data: 75/95
[2025-08-23 20:10:47.769] FETCH ComfyRegistry Data: 80/95
[2025-08-23 20:10:51.963] FETCH ComfyRegistry Data: 85/95
[2025-08-23 20:10:56.424] FETCH ComfyRegistry Data: 90/95
[2025-08-23 20:10:59.203] [ComfyUI-Manager] An error occurred while deleting 'D:\Resources\custom_nodes\facerestore_cf', so it has been scheduled for deletion upon restart.
EXCEPTION: [WinError 5] Access is denied: 'D:\\Resources\\custom_nodes\\facerestore_cf\\.git\\objects\\pack\\pack-664e930192b5023706afff34fd2bd30c39e4cc40.idx'
[2025-08-23 20:10:59.204] [ComfyUI-Manager] An error occurred while deleting 'D:\Resources\custom_nodes\.disabled\facerestore_cf@nightly', so it has been scheduled for deletion upon restart.
EXCEPTION: [WinError 5] Access is denied: 'D:\\Resources\\custom_nodes\\.disabled\\facerestore_cf@nightly\\.git\\objects\\pack\\pack-664e930192b5023706afff34fd2bd30c39e4cc40.idx'
[2025-08-23 20:10:59.204] 
[ComfyUI-Manager] Queued works are completed.
{'uninstall': 1}
[2025-08-23 20:10:59.204] 
After restarting ComfyUI, please refresh the browser.
[2025-08-23 20:11:00.553] FETCH ComfyRegistry Data: 95/95
[2025-08-23 20:11:01.055] FETCH ComfyRegistry Data [DONE]
[2025-08-23 20:11:01.197] [ComfyUI-Manager] default cache updated: https://api.comfy.org/nodes
[2025-08-23 20:11:01.220] nightly_channel: 
[2025-08-23 20:11:01.220] https://raw.githubusercontent.com/ltdrdata/ComfyUI-Manager/main/remote
[2025-08-23 20:11:01.220] FETCH DATA from: https://raw.githubusercontent.com/ltdrdata/ComfyUI-Manager/main/custom-node-list.json [DONE]
[2025-08-23 20:11:02.401] [ComfyUI-Manager] All startup tasks have been completed.
