## ComfyUI-Manager: installing dependencies done.
[2025-08-23 19:57:44.047] ** ComfyUI startup time: 2025-08-23 19:57:44.047
[2025-08-23 19:57:44.047] ** Platform: Windows
[2025-08-23 19:57:44.047] ** Python version: 3.12.9 (main, Feb 12 2025, 14:52:31) [MSC v.1942 64 bit (AMD64)]
[2025-08-23 19:57:44.048] ** Python executable: D:\Resources\.venv\Scripts\python.exe
[2025-08-23 19:57:44.048] ** ComfyUI Path: C:\Users\Admin\AppData\Local\Programs\@comfyorgcomfyui-electron\resources\ComfyUI
[2025-08-23 19:57:44.048] ** ComfyUI Base Folder Path: C:\Users\Admin\AppData\Local\Programs\@comfyorgcomfyui-electron\resources\ComfyUI
[2025-08-23 19:57:44.049] ** User directory: D:\Resources\user
[2025-08-23 19:57:44.049] ** ComfyUI-Manager config path: D:\Resources\user\default\ComfyUI-Manager\config.ini
[2025-08-23 19:57:44.049] ** Log path: D:\Resources\user\comfyui.log
[2025-08-23 19:57:44.523] 
#######################################################################
[2025-08-23 19:57:44.523] [ComfyUI-Manager] Starting dependency installation/(de)activation for the extension
[2025-08-23 19:57:44.523] 
[2025-08-23 19:57:44.538] 
## ComfyUI-Manager: EXECUTE => ['D:\\Resources\\.venv\\Scripts\\python.exe', '-m', 'pip', 'install', 'opencv-python']
[2025-08-23 19:57:44.538] 
## Execute management script for 'D:\Resources\custom_nodes\facerestore_cf'
[2025-08-23 19:57:45.448]   Collecting numpy<2.3.0,>=2 (from opencv-python)
[2025-08-23 19:57:46.232]    Using cached numpy-2.2.6-cp312-cp312-win_amd64.whl.metadata (60 kB)
[2025-08-23 19:57:46.233]  Using cached numpy-2.2.6-cp312-cp312-win_amd64.whl (12.6 MB)
[2025-08-23 19:57:46.267]  Installing collected packages: numpy
[2025-08-23 19:57:46.528]    Attempting uninstall: numpy
[2025-08-23 19:57:46.528]      Found existing installation: numpy 1.26.4
[2025-08-23 19:57:46.537]      Uninstalling numpy-1.26.4:
[2025-08-23 19:57:46.629]        Successfully uninstalled numpy-1.26.4
[2025-08-23 19:57:47.032] [!]   WARNING: Failed to remove contents in a temporary directory 'D:\Resources\.venv\Lib\site-packages\~-mpy.libs'.
[2025-08-23 19:57:54.269] [!]   You can safely remove it manually.
[2025-08-23 19:57:54.270] [!]   WARNING: Failed to remove contents in a temporary directory 'D:\Resources\.venv\Lib\site-packages\~-mpy'.
[2025-08-23 19:57:57.377] [!]   You can safely remove it manually.
[2025-08-23 19:57:57.378]  Successfully installed numpy-2.2.6
[2025-08-23 19:57:57.386] [!] 
[2025-08-23 19:57:57.616] [!] [notice] A new release of pip is available: 24.3.1 -> 25.2
[2025-08-23 19:57:57.616] [!] [notice] To update, run: python.exe -m pip install --upgrade pip
[2025-08-23 19:57:57.617] 
## ComfyUI-Manager: EXECUTE => ['D:\\Resources\\.venv\\Scripts\\python.exe', '-m', 'pip', 'install', 'addict']
[2025-08-23 19:57:57.688] 
## Execute management script for 'D:\Resources\custom_nodes\facerestore_cf'
[2025-08-23 19:57:59.094]  Collecting addict
[2025-08-23 19:57:59.094]    Downloading addict-2.4.0-py3-none-any.whl.metadata (1.0 kB)
[2025-08-23 19:57:59.829]  Downloading addict-2.4.0-py3-none-any.whl (3.8 kB)
[2025-08-23 19:58:00.022]  Installing collected packages: addict
[2025-08-23 19:58:00.257]  Successfully installed addict-2.4.0
[2025-08-23 19:58:00.292] [!] 
[2025-08-23 19:58:00.520] [!] [notice] A new release of pip is available: 24.3.1 -> 25.2
[2025-08-23 19:58:00.521] [!] [notice] To update, run: python.exe -m pip install --upgrade pip
[2025-08-23 19:58:00.521] 
## ComfyUI-Manager: EXECUTE => ['D:\\Resources\\.venv\\Scripts\\python.exe', '-m', 'pip', 'install', 'lmdb']
[2025-08-23 19:58:00.577] 
## Execute management script for 'D:\Resources\custom_nodes\facerestore_cf'
[2025-08-23 19:58:02.398]  Collecting lmdb
[2025-08-23 19:58:02.398]    Downloading lmdb-1.7.3-cp312-cp312-win_amd64.whl.metadata (1.3 kB)
[2025-08-23 19:58:02.933]  Downloading lmdb-1.7.3-cp312-cp312-win_amd64.whl (99 kB)
[2025-08-23 19:58:03.129]  Installing collected packages: lmdb
[2025-08-23 19:58:03.599]  Successfully installed lmdb-1.7.3
[2025-08-23 19:58:03.672] [!] 
[2025-08-23 19:58:03.896] [!] [notice] A new release of pip is available: 24.3.1 -> 25.2
[2025-08-23 19:58:03.896] [!] [notice] To update, run: python.exe -m pip install --upgrade pip
[2025-08-23 19:58:03.897] 
## ComfyUI-Manager: EXECUTE => ['D:\\Resources\\.venv\\Scripts\\python.exe', '-m', 'pip', 'install', 'scikit-image']
[2025-08-23 19:58:03.953] 
## Execute management script for 'D:\Resources\custom_nodes\facerestore_cf'
[2025-08-23 19:58:05.658]  Collecting scikit-image
[2025-08-23 19:58:05.658]    Downloading scikit_image-0.25.2-cp312-cp312-win_amd64.whl.metadata (14 kB)
[2025-08-23 19:58:06.186]       Collecting tifffile>=2022.8.12 (from scikit-image)
[2025-08-23 19:58:06.466]    Downloading tifffile-2025.6.11-py3-none-any.whl.metadata (32 kB)
[2025-08-23 19:58:06.638]   Collecting lazy-loader>=0.4 (from scikit-image)
[2025-08-23 19:58:06.913]    Downloading lazy_loader-0.4-py3-none-any.whl.metadata (7.6 kB)
[2025-08-23 19:58:07.085]  Downloading scikit_image-0.25.2-cp312-cp312-win_amd64.whl (12.9 MB)
[2025-08-23 19:58:07.305]     ---------------------------------------- 12.9/12.9 MB 11.9 MB/s eta 0:00:00
[2025-08-23 19:58:08.742]  Downloading lazy_loader-0.4-py3-none-any.whl (12 kB)
[2025-08-23 19:58:08.914]  Downloading tifffile-2025.6.11-py3-none-any.whl (230 kB)
[2025-08-23 19:58:09.087]  Installing collected packages: tifffile, lazy-loader, scikit-image
[2025-08-23 19:58:09.363]  Successfully installed lazy-loader-0.4 scikit-image-0.25.2 tifffile-2025.6.11
[2025-08-23 19:58:13.616] [!] 
[2025-08-23 19:58:13.842] [!] [notice] A new release of pip is available: 24.3.1 -> 25.2
[2025-08-23 19:58:13.842] [!] [notice] To update, run: python.exe -m pip install --upgrade pip
[2025-08-23 19:58:13.843] 
## ComfyUI-Manager: EXECUTE => ['D:\\Resources\\.venv\\Scripts\\python.exe', '-m', 'pip', 'install', 'tb-nightly']
[2025-08-23 19:58:13.903] 
## Execute management script for 'D:\Resources\custom_nodes\facerestore_cf'
[2025-08-23 19:58:16.161]  Collecting tb-nightly
[2025-08-23 19:58:16.162]    Downloading tb_nightly-2.21.0a20250823-py3-none-any.whl.metadata (1.9 kB)
[2025-08-23 19:58:16.771]  Collecting absl-py>=0.4 (from tb-nightly)
[2025-08-23 19:58:17.017]    Downloading absl_py-2.3.1-py3-none-any.whl.metadata (3.3 kB)
[2025-08-23 19:58:17.216]  Collecting grpcio>=1.48.2 (from tb-nightly)
[2025-08-23 19:58:18.345]    Downloading grpcio-1.74.0-cp312-cp312-win_amd64.whl.metadata (4.0 kB)
[2025-08-23 19:58:18.547]  Collecting markdown>=2.6.8 (from tb-nightly)
[2025-08-23 19:58:18.783]    Downloading markdown-3.8.2-py3-none-any.whl.metadata (5.1 kB)
[2025-08-23 19:58:18.983]       Collecting tensorboard-data-server<0.8.0,>=0.7.0 (from tb-nightly)
[2025-08-23 19:58:19.223]    Downloading tensorboard_data_server-0.7.2-py3-none-any.whl.metadata (1.1 kB)
[2025-08-23 19:58:19.422]  Collecting werkzeug>=1.0.1 (from tb-nightly)
[2025-08-23 19:58:19.663]    Downloading werkzeug-3.1.3-py3-none-any.whl.metadata (3.7 kB)
[2025-08-23 19:58:19.861]   Downloading tb_nightly-2.21.0a20250823-py3-none-any.whl (5.5 MB)
[2025-08-23 19:58:20.102]     ---------------------------------------- 5.5/5.5 MB 4.8 MB/s eta 0:00:00
[2025-08-23 19:58:21.717]  Downloading absl_py-2.3.1-py3-none-any.whl (135 kB)
[2025-08-23 19:58:21.913]  Downloading grpcio-1.74.0-cp312-cp312-win_amd64.whl (4.5 MB)
[2025-08-23 19:58:22.118]     ---------------------------------------- 4.5/4.5 MB 45.5 MB/s eta 0:00:00
[2025-08-23 19:58:22.209]  Downloading markdown-3.8.2-py3-none-any.whl (106 kB)
[2025-08-23 19:58:22.409]  Downloading tensorboard_data_server-0.7.2-py3-none-any.whl (2.4 kB)
[2025-08-23 19:58:22.612]  Downloading werkzeug-3.1.3-py3-none-any.whl (224 kB)
[2025-08-23 19:58:22.815]  Installing collected packages: werkzeug, tensorboard-data-server, markdown, grpcio, absl-py, tb-nightly
[2025-08-23 19:58:23.155]  Successfully installed absl-py-2.3.1 grpcio-1.74.0 markdown-3.8.2 tb-nightly-2.21.0a20250823 tensorboard-data-server-0.7.2 werkzeug-3.1.3
[2025-08-23 19:58:27.706] [!] 
[2025-08-23 19:58:27.935] [!] [notice] A new release of pip is available: 24.3.1 -> 25.2
[2025-08-23 19:58:27.936] [!] [notice] To update, run: python.exe -m pip install --upgrade pip
[2025-08-23 19:58:27.937] 
## ComfyUI-Manager: EXECUTE => ['D:\\Resources\\.venv\\Scripts\\python.exe', '-m', 'pip', 'install', 'yapf']
[2025-08-23 19:58:28.088] 
## Execute management script for 'D:\Resources\custom_nodes\facerestore_cf'
[2025-08-23 19:58:29.640]  Collecting yapf
[2025-08-23 19:58:29.640]    Downloading yapf-0.43.0-py3-none-any.whl.metadata (46 kB)
[2025-08-23 19:58:30.172]  Collecting platformdirs>=3.5.1 (from yapf)
[2025-08-23 19:58:30.616]    Downloading platformdirs-4.3.8-py3-none-any.whl.metadata (12 kB)
[2025-08-23 19:58:30.788]  Downloading yapf-0.43.0-py3-none-any.whl (256 kB)
[2025-08-23 19:58:31.009]  Downloading platformdirs-4.3.8-py3-none-any.whl (18 kB)
[2025-08-23 19:58:31.447]  Installing collected packages: platformdirs, yapf
[2025-08-23 19:58:31.719]  Successfully installed platformdirs-4.3.8 yapf-0.43.0
[2025-08-23 19:58:32.616] [!] 
[2025-08-23 19:58:32.839] [!] [notice] A new release of pip is available: 24.3.1 -> 25.2
[2025-08-23 19:58:32.839] [!] [notice] To update, run: python.exe -m pip install --upgrade pip
[2025-08-23 19:58:32.840] 
## ComfyUI-Manager: EXECUTE => ['D:\\Resources\\.venv\\Scripts\\python.exe', '-m', 'pip', 'install', 'lpips']
[2025-08-23 19:58:32.894] 
## Execute management script for 'D:\Resources\custom_nodes\facerestore_cf'
[2025-08-23 19:58:34.431]  Collecting lpips
[2025-08-23 19:58:34.431]    Downloading lpips-0.1.4-py3-none-any.whl.metadata (10 kB)
[2025-08-23 19:58:35.035]                  Downloading lpips-0.1.4-py3-none-any.whl (53 kB)
[2025-08-23 19:58:35.316]  Installing collected packages: lpips
[2025-08-23 19:58:35.779]  Successfully installed lpips-0.1.4
[2025-08-23 19:58:35.841] [!] 
[2025-08-23 19:58:36.066] [!] [notice] A new release of pip is available: 24.3.1 -> 25.2
[2025-08-23 19:58:36.066] [!] [notice] To update, run: python.exe -m pip install --upgrade pip
[2025-08-23 19:58:36.067] 
## ComfyUI-Manager: EXECUTE => ['D:\\Resources\\.venv\\Scripts\\python.exe', '-m', 'pip', 'install', 'gdown # supports downloading the large file from Google Drive']
[2025-08-23 19:58:36.121] 
## Execute management script for 'D:\Resources\custom_nodes\facerestore_cf'
[!] 
[2025-08-23 19:58:37.236] [!] [notice] A new release of pip is available: 24.3.1 -> 25.2
[2025-08-23 19:58:37.236] [!] [notice] To update, run: python.exe -m pip install --upgrade pip
[2025-08-23 19:58:37.237] [!] ERROR: Invalid requirement: 'gdown # supports downloading the large file from Google Drive': Expected end or semicolon (after name and no valid version specifier)
[2025-08-23 19:58:37.237] [!]     gdown # supports downloading the large file from Google Drive
[2025-08-23 19:58:37.238] [!]           ^
[2025-08-23 19:58:37.238] [2025-08-23 19:58:37.283] management script failed: D:\Resources\custom_nodes\facerestore_cf
[2025-08-23 19:58:37.283] 
[ComfyUI-Manager] Startup script completed.
[2025-08-23 19:58:37.283] #######################################################################
[2025-08-23 19:58:37.283] 
[ComfyUI-Manager] 'numpy' dependency were fixed
[2025-08-23 19:58:45.184] [ComfyUI-Manager] Failed to restore comfyui-frontend-package
[2025-08-23 19:58:45.184] expected str, bytes or os.PathLike object, not NoneType
[2025-08-23 19:58:45.184] [ComfyUI-Manager] Restarting to reapply dependency installation.
[2025-08-23 19:58:45.184] Command: ['"D:\\Resources\\.venv\\Scripts\\python.exe"', '"C:\\Users\\Admin\\AppData\\Local\\Programs\\@comfyorgcomfyui-electron\\resources\\ComfyUI\\main.py"', '--user-directory', 'D:\\Resources\\user', '--input-directory', 'D:\\Resources\\input', '--output-directory', 'D:\\Resources\\output', '--front-end-root', 'C:\\Users\\Admin\\AppData\\Local\\Programs\\@comfyorgcomfyui-electron\\resources\\ComfyUI\\web_custom_versions\\desktop_app', '--base-directory', 'D:\\Resources', '--extra-model-paths-config', 'C:\\Users\\Admin\\AppData\\Roaming\\ComfyUI\\extra_models_config.yaml', '--log-stdout', '--listen', '127.0.0.1', '--port', '8003']
[2025-08-23 19:58:45.185] --------------------------------------------------------------------------
[2025-08-23 19:58:45.185] 
