## ComfyUI-Manager: installing dependencies done.
[2025-08-23 19:50:51.991] ** ComfyUI startup time: 2025-08-23 19:50:51.991
[2025-08-23 19:50:51.991] ** Platform: Windows
[2025-08-23 19:50:51.992] ** Python version: 3.12.9 (main, Feb 12 2025, 14:52:31) [MSC v.1942 64 bit (AMD64)]
[2025-08-23 19:50:51.992] ** Python executable: D:\Resources\.venv\Scripts\python.exe
[2025-08-23 19:50:51.992] ** ComfyUI Path: C:\Users\Admin\AppData\Local\Programs\@comfyorgcomfyui-electron\resources\ComfyUI
[2025-08-23 19:50:51.992] ** ComfyUI Base Folder Path: C:\Users\Admin\AppData\Local\Programs\@comfyorgcomfyui-electron\resources\ComfyUI
[2025-08-23 19:50:51.992] ** User directory: D:\Resources\user
[2025-08-23 19:50:51.992] ** ComfyUI-Manager config path: D:\Resources\user\default\ComfyUI-Manager\config.ini
[2025-08-23 19:50:51.992] ** Log path: D:\Resources\user\comfyui.log
[ComfyUI-Manager] Failed to restore comfyui-frontend-package
[2025-08-23 19:50:52.968] expected str, bytes or os.PathLike object, not NoneType
[2025-08-23 19:50:52.968] 
Prestartup times for custom nodes:
[2025-08-23 19:50:52.968]    2.5 seconds: C:\Users\Admin\AppData\Local\Programs\@comfyorgcomfyui-electron\resources\ComfyUI\custom_nodes\ComfyUI-Manager
[2025-08-23 19:50:52.968] 
[2025-08-23 19:50:54.531] Checkpoint files will always be loaded safely.
[2025-08-23 19:50:54.654] Total VRAM 16311 MB, total RAM 32678 MB
[2025-08-23 19:50:54.654] pytorch version: 2.7.0+cu128
[2025-08-23 19:50:54.655] Set vram state to: NORMAL_VRAM
[2025-08-23 19:50:54.655] Device: cuda:0 NVIDIA GeForce RTX 5060 Ti : cudaMallocAsync
[2025-08-23 19:50:55.971] Using pytorch attention
[2025-08-23 19:50:57.174] Python version: 3.12.9 (main, Feb 12 2025, 14:52:31) [MSC v.1942 64 bit (AMD64)]
[2025-08-23 19:50:57.174] ComfyUI version: 0.3.51
[2025-08-23 19:50:57.198] [Prompt Server] web root: C:\Users\Admin\AppData\Local\Programs\@comfyorgcomfyui-electron\resources\ComfyUI\web_custom_versions\desktop_app
[2025-08-23 19:50:59.119] [34m[ComfyUI-Easy-Use] server: [0mv1.3.2 [92mLoaded[0m
[2025-08-23 19:50:59.119] [34m[ComfyUI-Easy-Use] web root: [0mD:\Resources\custom_nodes\comfyui-easy-use\web_version/v2 [92mLoaded[0m
[2025-08-23 19:51:00.206] Warning: Could not load sageattention: No module named 'sageattention'
[2025-08-23 19:51:00.206] sageattention package is not installed, sageattention will not be available
[2025-08-23 19:51:00.280] ### Loading: ComfyUI-Manager (V3.30.4)
[2025-08-23 19:51:00.280] [ComfyUI-Manager] network_mode: public
[2025-08-23 19:51:00.281] ### ComfyUI Revision: UNKNOWN (The currently installed ComfyUI is not a Git repository)
[2025-08-23 19:51:00.289] 
Import times for custom nodes:
[2025-08-23 19:51:00.290]    0.0 seconds: C:\Users\Admin\AppData\Local\Programs\@comfyorgcomfyui-electron\resources\ComfyUI\custom_nodes\websocket_image_save.py
[2025-08-23 19:51:00.290]    0.0 seconds: D:\Resources\custom_nodes\lora-info
[2025-08-23 19:51:00.290]    0.0 seconds: D:\Resources\custom_nodes\ComfyUI-TeaCache
[2025-08-23 19:51:00.290]    0.0 seconds: D:\Resources\custom_nodes\comfyui-frame-interpolation
[2025-08-23 19:51:00.290]    0.0 seconds: D:\Resources\custom_nodes\comfyui-kjnodes
[2025-08-23 19:51:00.290]    0.0 seconds: C:\Users\Admin\AppData\Local\Programs\@comfyorgcomfyui-electron\resources\ComfyUI\custom_nodes\ComfyUI-Manager
[2025-08-23 19:51:00.291]    0.0 seconds: D:\Resources\custom_nodes\comfyui-videohelpersuite
[2025-08-23 19:51:00.291]    0.9 seconds: D:\Resources\custom_nodes\comfyui-easy-use
[2025-08-23 19:51:00.291]    1.1 seconds: D:\Resources\custom_nodes\ComfyUI-WanVideoWrapper
[2025-08-23 19:51:00.291] 
[2025-08-23 19:51:00.701] Failed to initialize database. Please ensure you have installed the latest requirements. If the error persists, please report this as in future the database will be required: (sqlite3.OperationalError) unable to open database file
(Background on this error at: https://sqlalche.me/e/20/e3q8)
[2025-08-23 19:51:00.720] Starting server

[2025-08-23 19:51:00.720] To see the GUI go to: http://127.0.0.1:8002
[2025-08-23 19:51:00.997] [ComfyUI-Manager] default cache updated: https://raw.githubusercontent.com/ltdrdata/ComfyUI-Manager/main/alter-list.json
[2025-08-23 19:51:01.071] [ComfyUI-Manager] default cache updated: https://raw.githubusercontent.com/ltdrdata/ComfyUI-Manager/main/model-list.json
[2025-08-23 19:51:01.312] [ComfyUI-Manager] default cache updated: https://raw.githubusercontent.com/ltdrdata/ComfyUI-Manager/main/github-stats.json
[2025-08-23 19:51:01.514] [ComfyUI-Manager] default cache updated: https://raw.githubusercontent.com/ltdrdata/ComfyUI-Manager/main/extension-node-map.json
[2025-08-23 19:51:01.620] [ComfyUI-Manager] default cache updated: https://raw.githubusercontent.com/ltdrdata/ComfyUI-Manager/main/custom-node-list.json
[2025-08-23 19:51:02.941] comfyui-frontend-package not found in requirements.txt
[2025-08-23 19:51:03.828] comfyui-frontend-package not found in requirements.txt
[2025-08-23 19:51:08.410] FETCH ComfyRegistry Data: 5/95
[2025-08-23 19:51:12.770] FETCH ComfyRegistry Data: 10/95
[2025-08-23 19:51:17.425] FETCH ComfyRegistry Data: 15/95
[2025-08-23 19:51:22.134] FETCH ComfyRegistry Data: 20/95
[2025-08-23 19:51:24.106] FETCH DATA from: C:\Users\Admin\AppData\Local\Programs\@comfyorgcomfyui-electron\resources\ComfyUI\custom_nodes\ComfyUI-Manager\custom-node-list.json [DONE]
[2025-08-23 19:51:24.117] FETCH DATA from: https://raw.githubusercontent.com/ltdrdata/ComfyUI-Manager/main/custom-node-list.json [DONE]
[2025-08-23 19:51:25.269] nightly_channel: 
[2025-08-23 19:51:25.269] https://raw.githubusercontent.com/ltdrdata/ComfyUI-Manager/main/node_db/dev/cac
[2025-08-23 19:51:25.269] he
[2025-08-23 19:51:25.270] FETCH DATA from: D:\Resources\user\default\ComfyUI-Manager\cache\955009461_custom-node-list.json [DONE]
[2025-08-23 19:51:25.289] [ComfyUI-Manager] Installation failed:
Node 'facerestore_cf@nightly' not found in [dev, cache]
[2025-08-23 19:51:25.289] 
[ComfyUI-Manager] Queued works are completed.
{'install': 1}
[2025-08-23 19:51:25.290] 
After restarting ComfyUI, please refresh the browser.
