## ComfyUI-Manager: installing dependencies done.
[2025-08-23 20:07:22.414] ** ComfyUI startup time: 2025-08-23 20:07:22.414
[2025-08-23 20:07:22.414] ** Platform: Windows
[2025-08-23 20:07:22.414] ** Python version: 3.12.9 (main, Feb 12 2025, 14:52:31) [MSC v.1942 64 bit (AMD64)]
[2025-08-23 20:07:22.414] ** Python executable: D:\Resources\.venv\Scripts\python.exe
[2025-08-23 20:07:22.414] ** ComfyUI Path: C:\Users\Admin\AppData\Local\Programs\@comfyorgcomfyui-electron\resources\ComfyUI
[2025-08-23 20:07:22.414] ** ComfyUI Base Folder Path: C:\Users\Admin\AppData\Local\Programs\@comfyorgcomfyui-electron\resources\ComfyUI
[2025-08-23 20:07:22.415] ** User directory: D:\Resources\user
[2025-08-23 20:07:22.416] ** ComfyUI-Manager config path: D:\Resources\user\default\ComfyUI-Manager\config.ini
[2025-08-23 20:07:22.416] ** Log path: D:\Resources\user\comfyui.log
[ComfyUI-Manager] Failed to restore comfyui-frontend-package
[2025-08-23 20:07:23.438] expected str, bytes or os.PathLike object, not NoneType
[2025-08-23 20:07:23.438] 
Prestartup times for custom nodes:
[2025-08-23 20:07:23.438]    2.5 seconds: C:\Users\Admin\AppData\Local\Programs\@comfyorgcomfyui-electron\resources\ComfyUI\custom_nodes\ComfyUI-Manager
[2025-08-23 20:07:23.438] 
[2025-08-23 20:07:24.999] Checkpoint files will always be loaded safely.
[2025-08-23 20:07:25.155] Total VRAM 16311 MB, total RAM 32678 MB
[2025-08-23 20:07:25.155] pytorch version: 2.7.0+cu128
[2025-08-23 20:07:25.155] Set vram state to: NORMAL_VRAM
[2025-08-23 20:07:25.156] Device: cuda:0 NVIDIA GeForce RTX 5060 Ti : cudaMallocAsync
[2025-08-23 20:07:26.465] Using pytorch attention
[2025-08-23 20:07:27.710] --- Logging error ---
[2025-08-23 20:07:27.710] Python version: 3.12.9 (main, Feb 12 2025, 14:52:31) [MSC v.1942 64 bit (AMD64)]
[2025-08-23 20:07:27.711] --- Logging error ---
[2025-08-23 20:07:27.711] ComfyUI version: 0.3.51
[2025-08-23 20:07:27.736] --- Logging error ---
[2025-08-23 20:07:27.736] [Prompt Server] web root: C:\Users\Admin\AppData\Local\Programs\@comfyorgcomfyui-electron\resources\ComfyUI\web_custom_versions\desktop_app
[2025-08-23 20:07:30.050] [34m[ComfyUI-Easy-Use] server: [0mv1.3.2 [92mLoaded[0m[2025-08-23 20:07:30.053] --- Logging error ---
[2025-08-23 20:07:30.053] Traceback (most recent call last):
  File "C:\Users\Admin\AppData\Local\Programs\@comfyorgcomfyui-electron\resources\ComfyUI\nodes.py", line 2129, in load_custom_node
    module_spec.loader.exec_module(module)
  File "<frozen importlib._bootstrap_external>", line 999, in exec_module
  File "<frozen importlib._bootstrap>", line 488, in _call_with_frames_removed
  File "D:\Resources\custom_nodes\comfyui-easy-use\__init__.py", line 94, in <module>
    print(f'\033[34m[ComfyUI-Easy-Use] server: \033[0mv{__version__} \033[92mLoaded\033[0m')
  File "C:\Users\Admin\AppData\Local\Programs\@comfyorgcomfyui-electron\resources\ComfyUI\custom_nodes\ComfyUI-Manager\prestartup_script.py", line 330, in write
    self.sync_write(message)
  File "C:\Users\Admin\AppData\Local\Programs\@comfyorgcomfyui-electron\resources\ComfyUI\custom_nodes\ComfyUI-Manager\prestartup_script.py", line 346, in sync_write
    original_stdout.flush()
  File "C:\Users\Admin\AppData\Local\Programs\@comfyorgcomfyui-electron\resources\ComfyUI\app\logger.py", line 35, in flush
    super().flush()
OSError: [Errno 22] Invalid argument

[2025-08-23 20:07:30.053] --- Logging error ---
[2025-08-23 20:07:30.053] Cannot import D:\Resources\custom_nodes\comfyui-easy-use module for custom nodes: [Errno 22] Invalid argument
[2025-08-23 20:07:31.357] --- Logging error ---
[2025-08-23 20:07:31.357] Warning: Could not load sageattention: No module named 'sageattention'
[2025-08-23 20:07:31.358] --- Logging error ---
[2025-08-23 20:07:31.358] sageattention package is not installed, sageattention will not be available
[2025-08-23 20:07:31.465] --- Logging error ---
[2025-08-23 20:07:31.465] ### Loading: ComfyUI-Manager (V3.30.4)
[2025-08-23 20:07:31.466] --- Logging error ---
[2025-08-23 20:07:31.466] [ComfyUI-Manager] network_mode: public
[2025-08-23 20:07:31.467] --- Logging error ---
[2025-08-23 20:07:31.467] ### ComfyUI Revision: UNKNOWN (The currently installed ComfyUI is not a Git repository)
[2025-08-23 20:07:31.478] --- Logging error ---
[2025-08-23 20:07:31.478] 
Import times for custom nodes:
[2025-08-23 20:07:31.478] --- Logging error ---
[2025-08-23 20:07:31.478]    0.0 seconds: C:\Users\Admin\AppData\Local\Programs\@comfyorgcomfyui-electron\resources\ComfyUI\custom_nodes\websocket_image_save.py
[2025-08-23 20:07:31.479] --- Logging error ---
[2025-08-23 20:07:31.479]    0.0 seconds: D:\Resources\custom_nodes\lora-info
[2025-08-23 20:07:31.479] --- Logging error ---
[2025-08-23 20:07:31.479]    0.0 seconds: D:\Resources\custom_nodes\ComfyUI-TeaCache
[2025-08-23 20:07:31.479] --- Logging error ---
[2025-08-23 20:07:31.479]    0.0 seconds: D:\Resources\custom_nodes\comfyui-kjnodes
[2025-08-23 20:07:31.480] --- Logging error ---
[2025-08-23 20:07:31.480]    0.0 seconds: D:\Resources\custom_nodes\comfyui-frame-interpolation
[2025-08-23 20:07:31.480] --- Logging error ---
[2025-08-23 20:07:31.480]    0.0 seconds: C:\Users\Admin\AppData\Local\Programs\@comfyorgcomfyui-electron\resources\ComfyUI\custom_nodes\ComfyUI-Manager
[2025-08-23 20:07:31.480] --- Logging error ---
[2025-08-23 20:07:31.480]    0.0 seconds: D:\Resources\custom_nodes\facerestore_cf
[2025-08-23 20:07:31.481] --- Logging error ---
[2025-08-23 20:07:31.481]    0.0 seconds: D:\Resources\custom_nodes\comfyui-videohelpersuite
[2025-08-23 20:07:31.481] --- Logging error ---
[2025-08-23 20:07:31.481]    1.3 seconds (IMPORT FAILED): D:\Resources\custom_nodes\comfyui-easy-use
[2025-08-23 20:07:31.481] --- Logging error ---
[2025-08-23 20:07:31.481]    1.3 seconds: D:\Resources\custom_nodes\ComfyUI-WanVideoWrapper
[2025-08-23 20:07:31.482] --- Logging error ---
[2025-08-23 20:07:31.482] 
[2025-08-23 20:07:31.898] --- Logging error ---
[2025-08-23 20:07:31.898] Failed to initialize database. Please ensure you have installed the latest requirements. If the error persists, please report this as in future the database will be required: (sqlite3.OperationalError) unable to open database file
(Background on this error at: https://sqlalche.me/e/20/e3q8)
[2025-08-23 20:07:31.915] --- Logging error ---
[2025-08-23 20:07:31.915] Starting server

[2025-08-23 20:07:31.916] --- Logging error ---
[2025-08-23 20:07:31.916] To see the GUI go to: http://127.0.0.1:8004
[2025-08-23 20:07:31.991] --- Logging error ---
[2025-08-23 20:07:31.991] [ComfyUI-Manager] default cache updated: https://raw.githubusercontent.com/ltdrdata/ComfyUI-Manager/main/alter-list.json
[2025-08-23 20:07:32.261] --- Logging error ---
[2025-08-23 20:07:32.261] [ComfyUI-Manager] default cache updated: https://raw.githubusercontent.com/ltdrdata/ComfyUI-Manager/main/model-list.json
[2025-08-23 20:07:32.510] --- Logging error ---
[2025-08-23 20:07:32.510] [ComfyUI-Manager] default cache updated: https://raw.githubusercontent.com/ltdrdata/ComfyUI-Manager/main/github-stats.json
[2025-08-23 20:07:32.755] --- Logging error ---
[2025-08-23 20:07:32.755] [ComfyUI-Manager] default cache updated: https://raw.githubusercontent.com/ltdrdata/ComfyUI-Manager/main/extension-node-map.json
[2025-08-23 20:07:32.824] --- Logging error ---
[2025-08-23 20:07:32.824] [ComfyUI-Manager] default cache updated: https://raw.githubusercontent.com/ltdrdata/ComfyUI-Manager/main/custom-node-list.json
[2025-08-23 20:07:33.625] --- Logging error ---
[2025-08-23 20:07:33.625] comfyui-frontend-package not found in requirements.txt
[2025-08-23 20:07:34.096] --- Logging error ---
[2025-08-23 20:07:34.096] comfyui-frontend-package not found in requirements.txt
FETCH ComfyRegistry Data: 5/95Cannot connect to comfyregistry.[2025-08-23 20:07:36.889] Exception in thread Exception in threading.excepthook:Exception ignored in thread started byException ignored in sys.unraisablehook--- Logging error ---
[2025-08-23 20:08:21.605] Error handling request from 127.0.0.1
FETCH DATA from: C:\Users\Admin\AppData\Local\Programs\@comfyorgcomfyui-electron\resources\ComfyUI\custom_nodes\ComfyUI-Manager\extension-node-map.json[[2025-08-23 20:08:38.991] --- Logging error ---
[2025-08-23 20:08:38.991] Error handling request from 127.0.0.1
[ComfyUI-Manager] The ComfyRegistry cache update is still in progress, so an outdated cache is being used.[2025-08-23 20:08:38.994] --- Logging error ---
[2025-08-23 20:08:38.994] Error handling request from 127.0.0.1
