## ComfyUI-Manager: installing dependencies done.
[2025-08-30 17:06:44.898] ** ComfyUI startup time: 2025-08-30 17:06:44.898
[2025-08-30 17:06:44.898] ** Platform: Windows
[2025-08-30 17:06:44.898] ** Python version: 3.12.9 (main, Feb 12 2025, 14:52:31) [MSC v.1942 64 bit (AMD64)]
[2025-08-30 17:06:44.899] ** Python executable: D:\Resources\.venv\Scripts\python.exe
[2025-08-30 17:06:44.899] ** ComfyUI Path: C:\Users\Admin\AppData\Local\Programs\@comfyorgcomfyui-electron\resources\ComfyUI
[2025-08-30 17:06:44.899] ** ComfyUI Base Folder Path: C:\Users\Admin\AppData\Local\Programs\@comfyorgcomfyui-electron\resources\ComfyUI
[2025-08-30 17:06:44.899] ** User directory: D:\Resources\user
[2025-08-30 17:06:44.899] ** ComfyUI-Manager config path: D:\Resources\user\default\ComfyUI-Manager\config.ini
[2025-08-30 17:06:44.899] ** Log path: D:\Resources\user\comfyui.log
[ComfyUI-Manager] Skipped fixing the 'comfyui-frontend-package' dependency because the ComfyUI is outdated.
[2025-08-30 17:06:45.990] 
Prestartup times for custom nodes:
[2025-08-30 17:06:45.990]    4.3 seconds: C:\Users\Admin\AppData\Local\Programs\@comfyorgcomfyui-electron\resources\ComfyUI\custom_nodes\ComfyUI-Manager
[2025-08-30 17:06:45.990] 
[2025-08-30 17:06:52.265] Checkpoint files will always be loaded safely.
[2025-08-30 17:06:52.438] Total VRAM 16311 MB, total RAM 32678 MB
[2025-08-30 17:06:52.438] pytorch version: 2.7.0+cu128
[2025-08-30 17:06:52.439] Set vram state to: NORMAL_VRAM
[2025-08-30 17:06:52.439] Device: cuda:0 NVIDIA GeForce RTX 5060 Ti : cudaMallocAsync
[2025-08-30 17:06:55.996] Using pytorch attention
[2025-08-30 17:07:09.700] Python version: 3.12.9 (main, Feb 12 2025, 14:52:31) [MSC v.1942 64 bit (AMD64)]
[2025-08-30 17:07:09.700] ComfyUI version: 0.3.55
[2025-08-30 17:07:09.724] [Prompt Server] web root: C:\Users\Admin\AppData\Local\Programs\@comfyorgcomfyui-electron\resources\ComfyUI\web_custom_versions\desktop_app
[2025-08-30 17:07:15.282] Warning: Could not load sageattention: No module named 'sageattention'
[2025-08-30 17:07:15.282] sageattention package is not installed, sageattention will not be available
[2025-08-30 17:07:15.397] ### Loading: ComfyUI-Manager (V3.36)
[2025-08-30 17:07:15.397] [ComfyUI-Manager] network_mode: public
[2025-08-30 17:07:15.398] ### ComfyUI Revision: UNKNOWN (The currently installed ComfyUI is not a Git repository)
[2025-08-30 17:07:15.435] 
Import times for custom nodes:
[2025-08-30 17:07:15.436]    0.0 seconds: C:\Users\Admin\AppData\Local\Programs\@comfyorgcomfyui-electron\resources\ComfyUI\custom_nodes\websocket_image_save.py
[2025-08-30 17:07:15.436]    0.0 seconds: D:\Resources\custom_nodes\lora-info
[2025-08-30 17:07:15.436]    0.0 seconds: D:\Resources\custom_nodes\comfyui-frame-interpolation
[2025-08-30 17:07:15.436]    0.0 seconds: C:\Users\Admin\AppData\Local\Programs\@comfyorgcomfyui-electron\resources\ComfyUI\custom_nodes\ComfyUI-Manager
[2025-08-30 17:07:15.436]    0.2 seconds: D:\Resources\custom_nodes\comfyui-kjnodes
[2025-08-30 17:07:15.436]    0.4 seconds: D:\Resources\custom_nodes\comfyui-videohelpersuite
[2025-08-30 17:07:15.436]    1.3 seconds: D:\Resources\custom_nodes\ComfyUI-WanVideoWrapper
[2025-08-30 17:07:15.436]    1.9 seconds: D:\Resources\custom_nodes\ComfyUI-TeaCache
[2025-08-30 17:07:15.436] 
[2025-08-30 17:07:16.093] [ComfyUI-Manager] default cache updated: https://raw.githubusercontent.com/ltdrdata/ComfyUI-Manager/main/alter-list.json
[2025-08-30 17:07:16.104] [ComfyUI-Manager] default cache updated: https://raw.githubusercontent.com/ltdrdata/ComfyUI-Manager/main/model-list.json
[2025-08-30 17:07:16.176] Failed to initialize database. Please ensure you have installed the latest requirements. If the error persists, please report this as in future the database will be required: (sqlite3.OperationalError) unable to open database file
(Background on this error at: https://sqlalche.me/e/20/e3q8)
[2025-08-30 17:07:16.184] [ComfyUI-Manager] default cache updated: https://raw.githubusercontent.com/ltdrdata/ComfyUI-Manager/main/github-stats.json
[2025-08-30 17:07:16.202] Starting server

[2025-08-30 17:07:16.202] To see the GUI go to: http://127.0.0.1:8000
[2025-08-30 17:07:16.401] [ComfyUI-Manager] default cache updated: https://raw.githubusercontent.com/ltdrdata/ComfyUI-Manager/main/extension-node-map.json
[2025-08-30 17:07:16.448] [ComfyUI-Manager] default cache updated: https://raw.githubusercontent.com/ltdrdata/ComfyUI-Manager/main/custom-node-list.json
[2025-08-30 17:07:19.208] comfyui-frontend-package not found in requirements.txt
[2025-08-30 17:07:20.055] FETCH ComfyRegistry Data: 5/96
[2025-08-30 17:07:20.237] comfyui-frontend-package not found in requirements.txt
[2025-08-30 17:07:24.249] FETCH ComfyRegistry Data: 10/96
[2025-08-30 17:07:29.665] FETCH ComfyRegistry Data: 15/96
[2025-08-30 17:07:33.905] FETCH ComfyRegistry Data: 20/96
[2025-08-30 17:07:38.037] FETCH ComfyRegistry Data: 25/96
[2025-08-30 17:07:42.144] FETCH ComfyRegistry Data: 30/96
[2025-08-30 17:07:46.260] FETCH ComfyRegistry Data: 35/96
[2025-08-30 17:07:51.426] FETCH ComfyRegistry Data: 40/96
[2025-08-30 17:07:57.195] FETCH ComfyRegistry Data: 45/96
[2025-08-30 17:08:01.677] FETCH ComfyRegistry Data: 50/96
[2025-08-30 17:08:06.251] FETCH ComfyRegistry Data: 55/96
[2025-08-30 17:08:10.619] FETCH ComfyRegistry Data: 60/96
[2025-08-30 17:08:14.808] FETCH ComfyRegistry Data: 65/96
[2025-08-30 17:08:21.470] FETCH ComfyRegistry Data: 70/96
[2025-08-30 17:08:26.085] FETCH ComfyRegistry Data: 75/96
[2025-08-30 17:08:30.376] FETCH ComfyRegistry Data: 80/96
[2025-08-30 17:08:35.054] FETCH ComfyRegistry Data: 85/96
[2025-08-30 17:08:39.527] FETCH ComfyRegistry Data: 90/96
[2025-08-30 17:08:45.491] FETCH ComfyRegistry Data: 95/96
[2025-08-30 17:08:46.768] FETCH ComfyRegistry Data [DONE]
[2025-08-30 17:08:46.907] [ComfyUI-Manager] default cache updated: https://api.comfy.org/nodes
[2025-08-30 17:08:46.928] FETCH DATA from: https://raw.githubusercontent.com/ltdrdata/ComfyUI-Manager/main/custom-node-list.json [DONE]
[2025-08-30 17:08:48.077] [ComfyUI-Manager] All startup tasks have been completed.
