## ComfyUI-Manager: installing dependencies done.
[2025-08-23 20:07:19.762] ** ComfyUI startup time: 2025-08-23 20:07:19.762
[2025-08-23 20:07:19.762] ** Platform: Windows
[2025-08-23 20:07:19.762] ** Python version: 3.12.9 (main, Feb 12 2025, 14:52:31) [MSC v.1942 64 bit (AMD64)]
[2025-08-23 20:07:19.762] ** Python executable: D:\Resources\.venv\Scripts\python.exe
[2025-08-23 20:07:19.762] ** ComfyUI Path: C:\Users\Admin\AppData\Local\Programs\@comfyorgcomfyui-electron\resources\ComfyUI
[2025-08-23 20:07:19.762] ** ComfyUI Base Folder Path: C:\Users\Admin\AppData\Local\Programs\@comfyorgcomfyui-electron\resources\ComfyUI
[2025-08-23 20:07:19.762] ** User directory: D:\Resources\user
[2025-08-23 20:07:19.762] ** ComfyUI-Manager config path: D:\Resources\user\default\ComfyUI-Manager\config.ini
[2025-08-23 20:07:19.762] ** Log path: D:\Resources\user\comfyui.log
[2025-08-23 20:07:20.263] 
#######################################################################
[2025-08-23 20:07:20.263] [ComfyUI-Manager] Starting dependency installation/(de)activation for the extension
[2025-08-23 20:07:20.263] 
## ComfyUI-Manager: Failed to delete 'D:\Resources\custom_nodes\facerestore_cf' ([WinError 5] Access is denied: 'D:\\Resources\\custom_nodes\\facerestore_cf\\.git\\objects\\pack\\pack-664e930192b5023706afff34fd2bd30c39e4cc40.idx')
[2025-08-23 20:07:20.270] 
[ComfyUI-Manager] Startup script completed.
[2025-08-23 20:07:20.270] #######################################################################
[2025-08-23 20:07:20.270] 
[2025-08-23 20:07:20.764] [ComfyUI-Manager] Failed to restore comfyui-frontend-package
[2025-08-23 20:07:20.764] expected str, bytes or os.PathLike object, not NoneType
[2025-08-23 20:07:20.765] [ComfyUI-Manager] Restarting to reapply dependency installation.
[2025-08-23 20:07:20.765] Command: ['"D:\\Resources\\.venv\\Scripts\\python.exe"', '"C:\\Users\\Admin\\AppData\\Local\\Programs\\@comfyorgcomfyui-electron\\resources\\ComfyUI\\main.py"', '--user-directory', 'D:\\Resources\\user', '--input-directory', 'D:\\Resources\\input', '--output-directory', 'D:\\Resources\\output', '--front-end-root', 'C:\\Users\\Admin\\AppData\\Local\\Programs\\@comfyorgcomfyui-electron\\resources\\ComfyUI\\web_custom_versions\\desktop_app', '--base-directory', 'D:\\Resources', '--extra-model-paths-config', 'C:\\Users\\Admin\\AppData\\Roaming\\ComfyUI\\extra_models_config.yaml', '--log-stdout', '--listen', '127.0.0.1', '--port', '8004']
[2025-08-23 20:07:20.765] --------------------------------------------------------------------------
[2025-08-23 20:07:20.765] 
