## ComfyUI-Manager: installing dependencies done.
[2025-08-23 19:44:15.027] ** ComfyUI startup time: 2025-08-23 19:44:15.027
[2025-08-23 19:44:15.027] ** Platform: Windows
[2025-08-23 19:44:15.027] ** Python version: 3.12.9 (main, Feb 12 2025, 14:52:31) [MSC v.1942 64 bit (AMD64)]
[2025-08-23 19:44:15.027] ** Python executable: D:\Resources\.venv\Scripts\python.exe
[2025-08-23 19:44:15.027] ** ComfyUI Path: C:\Users\Admin\AppData\Local\Programs\@comfyorgcomfyui-electron\resources\ComfyUI
[2025-08-23 19:44:15.027] ** ComfyUI Base Folder Path: C:\Users\Admin\AppData\Local\Programs\@comfyorgcomfyui-electron\resources\ComfyUI
[2025-08-23 19:44:15.028] ** User directory: D:\Resources\user
[2025-08-23 19:44:15.028] ** ComfyUI-Manager config path: D:\Resources\user\default\ComfyUI-Manager\config.ini
[2025-08-23 19:44:15.028] ** Log path: D:\Resources\user\comfyui.log
[2025-08-23 19:44:15.524] 
#######################################################################
[2025-08-23 19:44:15.524] [ComfyUI-Manager] Starting dependency installation/(de)activation for the extension
[2025-08-23 19:44:15.524] 
[2025-08-23 19:44:15.532] 
## ComfyUI-Manager: EXECUTE => ['D:\\Resources\\.venv\\Scripts\\python.exe', '-m', 'pip', 'install', 'clip_interrogator>=0.6.0']
[2025-08-23 19:44:15.532] 
## Execute management script for 'D:\Resources\custom_nodes\comfyui-easy-use'
[2025-08-23 19:44:17.148]  Collecting clip_interrogator>=0.6.0
[2025-08-23 19:44:17.148]    Downloading clip_interrogator-0.6.0-py3-none-any.whl.metadata (4.9 kB)
[2025-08-23 19:44:17.851]        Collecting open-clip-torch (from clip_interrogator>=0.6.0)
[2025-08-23 19:44:18.131]    Downloading open_clip_torch-3.1.0-py3-none-any.whl.metadata (32 kB)
[2025-08-23 19:44:18.302]                    Collecting timm>=1.0.17 (from open-clip-torch->clip_interrogator>=0.6.0)
[2025-08-23 19:44:18.718]    Downloading timm-1.0.19-py3-none-any.whl.metadata (60 kB)
[2025-08-23 19:44:18.889]         Downloading clip_interrogator-0.6.0-py3-none-any.whl (787 kB)
[2025-08-23 19:44:19.270]     ---------------------------------------- 787.8/787.8 kB 1.5 MB/s eta 0:00:00
[2025-08-23 19:44:19.845]  Downloading open_clip_torch-3.1.0-py3-none-any.whl (1.5 MB)
[2025-08-23 19:44:20.016]     ---------------------------------------- 1.5/1.5 MB 5.5 MB/s eta 0:00:00
[2025-08-23 19:44:20.288]  Downloading timm-1.0.19-py3-none-any.whl (2.5 MB)
[2025-08-23 19:44:20.459]     ---------------------------------------- 2.5/2.5 MB 13.0 MB/s eta 0:00:00
[2025-08-23 19:44:20.650]  Installing collected packages: timm, open-clip-torch, clip_interrogator
[2025-08-23 19:44:20.846]  Successfully installed clip_interrogator-0.6.0 open-clip-torch-3.1.0 timm-1.0.19
[2025-08-23 19:44:24.719] [!] 
[2025-08-23 19:44:24.962] [!] [notice] A new release of pip is available: 24.3.1 -> 25.2
[2025-08-23 19:44:24.963] [!] [notice] To update, run: python.exe -m pip install --upgrade pip
[2025-08-23 19:44:24.963] 
## ComfyUI-Manager: EXECUTE => ['D:\\Resources\\.venv\\Scripts\\python.exe', '-m', 'pip', 'install', 'lark']
[2025-08-23 19:44:25.018] 
## Execute management script for 'D:\Resources\custom_nodes\comfyui-easy-use'
[2025-08-23 19:44:26.572]  Collecting lark
[2025-08-23 19:44:26.572]    Downloading lark-1.2.2-py3-none-any.whl.metadata (1.8 kB)
[2025-08-23 19:44:27.103]  Downloading lark-1.2.2-py3-none-any.whl (111 kB)
[2025-08-23 19:44:27.297]  Installing collected packages: lark
[2025-08-23 19:44:27.823]  Successfully installed lark-1.2.2
[2025-08-23 19:44:28.193] [!] 
[2025-08-23 19:44:28.414] [!] [notice] A new release of pip is available: 24.3.1 -> 25.2
[2025-08-23 19:44:28.415] [!] [notice] To update, run: python.exe -m pip install --upgrade pip
[2025-08-23 19:44:28.415] 
## ComfyUI-Manager: EXECUTE => ['D:\\Resources\\.venv\\Scripts\\python.exe', '-m', 'pip', 'install', 'onnxruntime']
[2025-08-23 19:44:28.469] 
## Execute management script for 'D:\Resources\custom_nodes\comfyui-easy-use'
[2025-08-23 19:44:30.186]  Collecting onnxruntime
[2025-08-23 19:44:30.186]    Downloading onnxruntime-1.22.1-cp312-cp312-win_amd64.whl.metadata (5.1 kB)
[2025-08-23 19:44:30.702]  Collecting coloredlogs (from onnxruntime)
[2025-08-23 19:44:30.916]    Downloading coloredlogs-15.0.1-py2.py3-none-any.whl.metadata (12 kB)
[2025-08-23 19:44:31.082]  Collecting flatbuffers (from onnxruntime)
[2025-08-23 19:44:31.326]    Downloading flatbuffers-25.2.10-py2.py3-none-any.whl.metadata (875 bytes)
[2025-08-23 19:44:31.488]      Collecting humanfriendly>=9.1 (from coloredlogs->onnxruntime)
[2025-08-23 19:44:31.714]    Downloading humanfriendly-10.0-py2.py3-none-any.whl.metadata (9.2 kB)
[2025-08-23 19:44:31.877]   Collecting pyreadline3 (from humanfriendly>=9.1->coloredlogs->onnxruntime)
[2025-08-23 19:44:32.104]    Downloading pyreadline3-3.5.4-py3-none-any.whl.metadata (4.7 kB)
[2025-08-23 19:44:32.268]  Downloading onnxruntime-1.22.1-cp312-cp312-win_amd64.whl (12.7 MB)
[2025-08-23 19:44:32.462]     ---------------------------------------- 12.7/12.7 MB 11.0 MB/s eta 0:00:00
[2025-08-23 19:44:34.014]  Downloading coloredlogs-15.0.1-py2.py3-none-any.whl (46 kB)
[2025-08-23 19:44:34.176]  Downloading flatbuffers-25.2.10-py2.py3-none-any.whl (30 kB)
[2025-08-23 19:44:34.344]  Downloading humanfriendly-10.0-py2.py3-none-any.whl (86 kB)
[2025-08-23 19:44:34.519]  Downloading pyreadline3-3.5.4-py3-none-any.whl (83 kB)
[2025-08-23 19:44:34.692]  Installing collected packages: flatbuffers, pyreadline3, humanfriendly, coloredlogs, onnxruntime
[2025-08-23 19:44:34.996]  Successfully installed coloredlogs-15.0.1 flatbuffers-25.2.10 humanfriendly-10.0 onnxruntime-1.22.1 pyreadline3-3.5.4
[2025-08-23 19:44:38.954] [!] 
[2025-08-23 19:44:39.178] [!] [notice] A new release of pip is available: 24.3.1 -> 25.2
[2025-08-23 19:44:39.179] [!] [notice] To update, run: python.exe -m pip install --upgrade pip
[2025-08-23 19:44:39.179] 
## ComfyUI-Manager: EXECUTE => ['D:\\Resources\\.venv\\Scripts\\python.exe', '-m', 'pip', 'install', 'opencv-python']
[2025-08-23 19:44:39.236] 
## Execute management script for 'D:\Resources\custom_nodes\comfyui-easy-use'
[2025-08-23 19:44:40.150]   Collecting numpy<2.3.0,>=2 (from opencv-python)
[2025-08-23 19:44:40.860]    Using cached numpy-2.2.6-cp312-cp312-win_amd64.whl.metadata (60 kB)
[2025-08-23 19:44:40.879]  Using cached numpy-2.2.6-cp312-cp312-win_amd64.whl (12.6 MB)
[2025-08-23 19:44:40.937]  Installing collected packages: numpy
[2025-08-23 19:44:41.225]    Attempting uninstall: numpy
[2025-08-23 19:44:41.225]      Found existing installation: numpy 1.26.4
[2025-08-23 19:44:41.234]      Uninstalling numpy-1.26.4:
[2025-08-23 19:44:41.364]        Successfully uninstalled numpy-1.26.4
[2025-08-23 19:44:42.664] [!]   WARNING: Failed to remove contents in a temporary directory 'D:\Resources\.venv\Lib\site-packages\~umpy.libs'.
[2025-08-23 19:44:50.953] [!]   You can safely remove it manually.
[2025-08-23 19:44:50.953] [!]   WARNING: Failed to remove contents in a temporary directory 'D:\Resources\.venv\Lib\site-packages\~umpy'.
[2025-08-23 19:44:54.084] [!]   You can safely remove it manually.
[2025-08-23 19:44:54.084]  Successfully installed numpy-2.2.6
[2025-08-23 19:44:54.093] [!] 
[2025-08-23 19:44:54.320] [!] [notice] A new release of pip is available: 24.3.1 -> 25.2
[2025-08-23 19:44:54.320] [!] [notice] To update, run: python.exe -m pip install --upgrade pip
[2025-08-23 19:44:54.321] 
[ComfyUI-Manager] Startup script completed.
[2025-08-23 19:44:54.402] #######################################################################
[2025-08-23 19:44:54.402] 
[ComfyUI-Manager] 'numpy' dependency were fixed
[2025-08-23 19:45:03.798] [ComfyUI-Manager] Failed to restore comfyui-frontend-package
[2025-08-23 19:45:03.798] expected str, bytes or os.PathLike object, not NoneType
[2025-08-23 19:45:03.798] [ComfyUI-Manager] Restarting to reapply dependency installation.
[2025-08-23 19:45:03.798] Command: ['"D:\\Resources\\.venv\\Scripts\\python.exe"', '"C:\\Users\\Admin\\AppData\\Local\\Programs\\@comfyorgcomfyui-electron\\resources\\ComfyUI\\main.py"', '--user-directory', 'D:\\Resources\\user', '--input-directory', 'D:\\Resources\\input', '--output-directory', 'D:\\Resources\\output', '--front-end-root', 'C:\\Users\\Admin\\AppData\\Local\\Programs\\@comfyorgcomfyui-electron\\resources\\ComfyUI\\web_custom_versions\\desktop_app', '--base-directory', 'D:\\Resources', '--extra-model-paths-config', 'C:\\Users\\Admin\\AppData\\Roaming\\ComfyUI\\extra_models_config.yaml', '--log-stdout', '--listen', '127.0.0.1', '--port', '8001']
[2025-08-23 19:45:03.798] --------------------------------------------------------------------------
[2025-08-23 19:45:03.798] 
