## ComfyUI-Manager: installing dependencies done.
[2025-08-23 19:45:05.561] ** ComfyUI startup time: 2025-08-23 19:45:05.561
[2025-08-23 19:45:05.561] ** Platform: Windows
[2025-08-23 19:45:05.561] ** Python version: 3.12.9 (main, Feb 12 2025, 14:52:31) [MSC v.1942 64 bit (AMD64)]
[2025-08-23 19:45:05.561] ** Python executable: D:\Resources\.venv\Scripts\python.exe
[2025-08-23 19:45:05.561] ** ComfyUI Path: C:\Users\Admin\AppData\Local\Programs\@comfyorgcomfyui-electron\resources\ComfyUI
[2025-08-23 19:45:05.562] ** ComfyUI Base Folder Path: C:\Users\Admin\AppData\Local\Programs\@comfyorgcomfyui-electron\resources\ComfyUI
[2025-08-23 19:45:05.562] ** User directory: D:\Resources\user
[2025-08-23 19:45:05.562] ** ComfyUI-Manager config path: D:\Resources\user\default\ComfyUI-Manager\config.ini
[2025-08-23 19:45:05.562] ** Log path: D:\Resources\user\comfyui.log
[ComfyUI-Manager] Failed to restore comfyui-frontend-package
[2025-08-23 19:45:06.588] expected str, bytes or os.PathLike object, not NoneType
[2025-08-23 19:45:06.589] 
Prestartup times for custom nodes:
[2025-08-23 19:45:06.589]    2.7 seconds: C:\Users\Admin\AppData\Local\Programs\@comfyorgcomfyui-electron\resources\ComfyUI\custom_nodes\ComfyUI-Manager
[2025-08-23 19:45:06.589] 
[2025-08-23 19:45:10.986] --- Logging error ---
[2025-08-23 19:45:10.986] Checkpoint files will always be loaded safely.
[2025-08-23 19:45:11.188] --- Logging error ---
[2025-08-23 19:45:11.188] Total VRAM 16311 MB, total RAM 32678 MB
[2025-08-23 19:45:11.189] --- Logging error ---
[2025-08-23 19:45:11.189] pytorch version: 2.7.0+cu128
[2025-08-23 19:45:11.190] --- Logging error ---
[2025-08-23 19:45:11.190] Set vram state to: NORMAL_VRAM
[2025-08-23 19:45:11.190] --- Logging error ---
[2025-08-23 19:45:11.190] Device: cuda:0 NVIDIA GeForce RTX 5060 Ti : cudaMallocAsync
[2025-08-23 19:45:13.767] --- Logging error ---
[2025-08-23 19:45:13.767] Using pytorch attention
[2025-08-23 19:45:16.186] --- Logging error ---
[2025-08-23 19:45:16.186] Python version: 3.12.9 (main, Feb 12 2025, 14:52:31) [MSC v.1942 64 bit (AMD64)]
[2025-08-23 19:45:16.186] --- Logging error ---
[2025-08-23 19:45:16.186] ComfyUI version: 0.3.51
[2025-08-23 19:45:16.222] --- Logging error ---
[2025-08-23 19:45:16.222] [Prompt Server] web root: C:\Users\Admin\AppData\Local\Programs\@comfyorgcomfyui-electron\resources\ComfyUI\web_custom_versions\desktop_app
[2025-08-23 19:45:20.024] [34m[ComfyUI-Easy-Use] server: [0mv1.3.2 [92mLoaded[0m[2025-08-23 19:45:20.036] --- Logging error ---
[2025-08-23 19:45:20.036] Traceback (most recent call last):
  File "C:\Users\Admin\AppData\Local\Programs\@comfyorgcomfyui-electron\resources\ComfyUI\nodes.py", line 2129, in load_custom_node
    module_spec.loader.exec_module(module)
  File "<frozen importlib._bootstrap_external>", line 999, in exec_module
  File "<frozen importlib._bootstrap>", line 488, in _call_with_frames_removed
  File "D:\Resources\custom_nodes\comfyui-easy-use\__init__.py", line 94, in <module>
    print(f'\033[34m[ComfyUI-Easy-Use] server: \033[0mv{__version__} \033[92mLoaded\033[0m')
  File "C:\Users\Admin\AppData\Local\Programs\@comfyorgcomfyui-electron\resources\ComfyUI\custom_nodes\ComfyUI-Manager\prestartup_script.py", line 330, in write
    self.sync_write(message)
  File "C:\Users\Admin\AppData\Local\Programs\@comfyorgcomfyui-electron\resources\ComfyUI\custom_nodes\ComfyUI-Manager\prestartup_script.py", line 346, in sync_write
    original_stdout.flush()
  File "C:\Users\Admin\AppData\Local\Programs\@comfyorgcomfyui-electron\resources\ComfyUI\app\logger.py", line 35, in flush
    super().flush()
OSError: [Errno 22] Invalid argument

[2025-08-23 19:45:20.036] --- Logging error ---
[2025-08-23 19:45:20.036] Cannot import D:\Resources\custom_nodes\comfyui-easy-use module for custom nodes: [Errno 22] Invalid argument
[2025-08-23 19:45:22.452] --- Logging error ---
[2025-08-23 19:45:22.452] Warning: Could not load sageattention: No module named 'sageattention'
[2025-08-23 19:45:22.453] --- Logging error ---
[2025-08-23 19:45:22.453] sageattention package is not installed, sageattention will not be available
[2025-08-23 19:45:23.084] --- Logging error ---
[2025-08-23 19:45:23.085] ### Loading: ComfyUI-Manager (V3.30.4)
[2025-08-23 19:45:23.085] --- Logging error ---
[2025-08-23 19:45:23.085] [ComfyUI-Manager] network_mode: public
[2025-08-23 19:45:23.086] --- Logging error ---
[2025-08-23 19:45:23.086] ### ComfyUI Revision: UNKNOWN (The currently installed ComfyUI is not a Git repository)
[2025-08-23 19:45:23.100] --- Logging error ---
[2025-08-23 19:45:23.100] 
Import times for custom nodes:
[2025-08-23 19:45:23.101] --- Logging error ---
[2025-08-23 19:45:23.101]    0.0 seconds: C:\Users\Admin\AppData\Local\Programs\@comfyorgcomfyui-electron\resources\ComfyUI\custom_nodes\websocket_image_save.py
[2025-08-23 19:45:23.101] --- Logging error ---
[2025-08-23 19:45:23.101]    0.0 seconds: D:\Resources\custom_nodes\lora-info
[2025-08-23 19:45:23.101] --- Logging error ---
[2025-08-23 19:45:23.102]    0.0 seconds: D:\Resources\custom_nodes\ComfyUI-TeaCache
[2025-08-23 19:45:23.102] --- Logging error ---
[2025-08-23 19:45:23.102]    0.0 seconds: D:\Resources\custom_nodes\comfyui-kjnodes
[2025-08-23 19:45:23.102] --- Logging error ---
[2025-08-23 19:45:23.102]    0.0 seconds: D:\Resources\custom_nodes\comfyui-frame-interpolation
[2025-08-23 19:45:23.103] --- Logging error ---
[2025-08-23 19:45:23.103]    0.5 seconds: D:\Resources\custom_nodes\comfyui-videohelpersuite
[2025-08-23 19:45:23.103] --- Logging error ---
[2025-08-23 19:45:23.103]    0.5 seconds: C:\Users\Admin\AppData\Local\Programs\@comfyorgcomfyui-electron\resources\ComfyUI\custom_nodes\ComfyUI-Manager
[2025-08-23 19:45:23.103] --- Logging error ---
[2025-08-23 19:45:23.103]    2.0 seconds: D:\Resources\custom_nodes\ComfyUI-WanVideoWrapper
[2025-08-23 19:45:23.104] --- Logging error ---
[2025-08-23 19:45:23.104]    2.3 seconds (IMPORT FAILED): D:\Resources\custom_nodes\comfyui-easy-use
[2025-08-23 19:45:23.104] --- Logging error ---
[2025-08-23 19:45:23.104] 
[2025-08-23 19:45:23.659] --- Logging error ---
[2025-08-23 19:45:23.659] Failed to initialize database. Please ensure you have installed the latest requirements. If the error persists, please report this as in future the database will be required: (sqlite3.OperationalError) unable to open database file
(Background on this error at: https://sqlalche.me/e/20/e3q8)
[2025-08-23 19:45:23.677] --- Logging error ---
[2025-08-23 19:45:23.677] Starting server

[2025-08-23 19:45:23.678] --- Logging error ---
[2025-08-23 19:45:23.678] To see the GUI go to: http://127.0.0.1:8001
[2025-08-23 19:45:24.768] --- Logging error ---
[2025-08-23 19:45:24.768] [ComfyUI-Manager] default cache updated: https://raw.githubusercontent.com/ltdrdata/ComfyUI-Manager/main/alter-list.json
[2025-08-23 19:45:24.857] --- Logging error ---
[2025-08-23 19:45:24.857] [ComfyUI-Manager] default cache updated: https://raw.githubusercontent.com/ltdrdata/ComfyUI-Manager/main/model-list.json
[2025-08-23 19:45:25.421] --- Logging error ---
[2025-08-23 19:45:25.421] [ComfyUI-Manager] default cache updated: https://raw.githubusercontent.com/ltdrdata/ComfyUI-Manager/main/extension-node-map.json
[2025-08-23 19:45:25.442] --- Logging error ---
[2025-08-23 19:45:25.442] [ComfyUI-Manager] default cache updated: https://raw.githubusercontent.com/ltdrdata/ComfyUI-Manager/main/github-stats.json
[2025-08-23 19:45:25.663] --- Logging error ---
[2025-08-23 19:45:25.663] [ComfyUI-Manager] default cache updated: https://raw.githubusercontent.com/ltdrdata/ComfyUI-Manager/main/custom-node-list.json
[2025-08-23 19:45:27.180] --- Logging error ---
[2025-08-23 19:45:27.180] comfyui-frontend-package not found in requirements.txt
[2025-08-23 19:45:27.699] --- Logging error ---
[2025-08-23 19:45:27.699] comfyui-frontend-package not found in requirements.txt
FETCH ComfyRegistry Data: 5/95Cannot connect to comfyregistry.[2025-08-23 19:45:29.536] Exception in thread Exception in threading.excepthook:Exception ignored in thread started byException ignored in sys.unraisablehookFETCH DATA from: C:\Users\Admin\AppData\Local\Programs\@comfyorgcomfyui-electron\resources\ComfyUI\custom_nodes\ComfyUI-Manager\custom-node-list.json[--- Logging error ---
[2025-08-23 19:49:36.797] Error handling request from 127.0.0.1
FETCH DATA from: C:\Users\Admin\AppData\Local\Programs\@comfyorgcomfyui-electron\resources\ComfyUI\custom_nodes\ComfyUI-Manager\custom-node-list.json[[2025-08-23 19:50:25.041] --- Logging error ---
[2025-08-23 19:50:25.041] Error handling request from 127.0.0.1
FETCH DATA from: C:\Users\Admin\AppData\Local\Programs\@comfyorgcomfyui-electron\resources\ComfyUI\custom_nodes\ComfyUI-Manager\custom-node-list.json[[2025-08-23 19:50:32.101] --- Logging error ---
[2025-08-23 19:50:32.101] Error handling request from 127.0.0.1
