## ComfyUI-Manager: installing dependencies done.
[2025-08-23 19:58:46.850] ** ComfyUI startup time: 2025-08-23 19:58:46.850
[2025-08-23 19:58:46.850] ** Platform: Windows
[2025-08-23 19:58:46.850] ** Python version: 3.12.9 (main, Feb 12 2025, 14:52:31) [MSC v.1942 64 bit (AMD64)]
[2025-08-23 19:58:46.851] ** Python executable: D:\Resources\.venv\Scripts\python.exe
[2025-08-23 19:58:46.851] ** ComfyUI Path: C:\Users\Admin\AppData\Local\Programs\@comfyorgcomfyui-electron\resources\ComfyUI
[2025-08-23 19:58:46.851] ** ComfyUI Base Folder Path: C:\Users\Admin\AppData\Local\Programs\@comfyorgcomfyui-electron\resources\ComfyUI
[2025-08-23 19:58:46.852] ** User directory: D:\Resources\user
[2025-08-23 19:58:46.852] ** ComfyUI-Manager config path: D:\Resources\user\default\ComfyUI-Manager\config.ini
[2025-08-23 19:58:46.852] ** Log path: D:\Resources\user\comfyui.log
[ComfyUI-Manager] Failed to restore comfyui-frontend-package
[2025-08-23 19:58:47.849] expected str, bytes or os.PathLike object, not NoneType
[2025-08-23 19:58:47.850] 
Prestartup times for custom nodes:
[2025-08-23 19:58:47.850]    2.5 seconds: C:\Users\Admin\AppData\Local\Programs\@comfyorgcomfyui-electron\resources\ComfyUI\custom_nodes\ComfyUI-Manager
[2025-08-23 19:58:47.850] 
[2025-08-23 19:58:49.733] Checkpoint files will always be loaded safely.
[2025-08-23 19:58:49.850] Total VRAM 16311 MB, total RAM 32678 MB
[2025-08-23 19:58:49.850] pytorch version: 2.7.0+cu128
[2025-08-23 19:58:49.851] Set vram state to: NORMAL_VRAM
[2025-08-23 19:58:49.851] Device: cuda:0 NVIDIA GeForce RTX 5060 Ti : cudaMallocAsync
[2025-08-23 19:58:51.243] --- Logging error ---
[2025-08-23 19:58:51.243] Using pytorch attention
[2025-08-23 19:58:52.771] --- Logging error ---
[2025-08-23 19:58:52.771] Python version: 3.12.9 (main, Feb 12 2025, 14:52:31) [MSC v.1942 64 bit (AMD64)]
[2025-08-23 19:58:52.771] --- Logging error ---
[2025-08-23 19:58:52.771] ComfyUI version: 0.3.51
[2025-08-23 19:58:52.796] --- Logging error ---
[2025-08-23 19:58:52.796] [Prompt Server] web root: C:\Users\Admin\AppData\Local\Programs\@comfyorgcomfyui-electron\resources\ComfyUI\web_custom_versions\desktop_app
[2025-08-23 19:58:55.088] [34m[ComfyUI-Easy-Use] server: [0mv1.3.2 [92mLoaded[0m[2025-08-23 19:58:55.090] --- Logging error ---
[2025-08-23 19:58:55.090] Traceback (most recent call last):
  File "C:\Users\Admin\AppData\Local\Programs\@comfyorgcomfyui-electron\resources\ComfyUI\nodes.py", line 2129, in load_custom_node
    module_spec.loader.exec_module(module)
  File "<frozen importlib._bootstrap_external>", line 999, in exec_module
  File "<frozen importlib._bootstrap>", line 488, in _call_with_frames_removed
  File "D:\Resources\custom_nodes\comfyui-easy-use\__init__.py", line 94, in <module>
    print(f'\033[34m[ComfyUI-Easy-Use] server: \033[0mv{__version__} \033[92mLoaded\033[0m')
  File "C:\Users\Admin\AppData\Local\Programs\@comfyorgcomfyui-electron\resources\ComfyUI\custom_nodes\ComfyUI-Manager\prestartup_script.py", line 330, in write
    self.sync_write(message)
  File "C:\Users\Admin\AppData\Local\Programs\@comfyorgcomfyui-electron\resources\ComfyUI\custom_nodes\ComfyUI-Manager\prestartup_script.py", line 346, in sync_write
    original_stdout.flush()
  File "C:\Users\Admin\AppData\Local\Programs\@comfyorgcomfyui-electron\resources\ComfyUI\app\logger.py", line 35, in flush
    super().flush()
OSError: [Errno 22] Invalid argument

[2025-08-23 19:58:55.090] --- Logging error ---
[2025-08-23 19:58:55.090] Cannot import D:\Resources\custom_nodes\comfyui-easy-use module for custom nodes: [Errno 22] Invalid argument
[2025-08-23 19:58:56.207] --- Logging error ---
[2025-08-23 19:58:56.207] Warning: Could not load sageattention: No module named 'sageattention'
[2025-08-23 19:58:56.208] --- Logging error ---
[2025-08-23 19:58:56.208] sageattention package is not installed, sageattention will not be available
[2025-08-23 19:58:56.801] --- Logging error ---
[2025-08-23 19:58:56.801] ### Loading: ComfyUI-Manager (V3.30.4)
[2025-08-23 19:58:56.801] --- Logging error ---
[2025-08-23 19:58:56.801] [ComfyUI-Manager] network_mode: public
[2025-08-23 19:58:56.802] --- Logging error ---
[2025-08-23 19:58:56.802] ### ComfyUI Revision: UNKNOWN (The currently installed ComfyUI is not a Git repository)
[2025-08-23 19:58:56.826] --- Logging error ---
[2025-08-23 19:58:56.826] 
Import times for custom nodes:
[2025-08-23 19:58:56.827] --- Logging error ---
[2025-08-23 19:58:56.827]    0.0 seconds: C:\Users\Admin\AppData\Local\Programs\@comfyorgcomfyui-electron\resources\ComfyUI\custom_nodes\websocket_image_save.py
[2025-08-23 19:58:56.827] --- Logging error ---
[2025-08-23 19:58:56.827]    0.0 seconds: D:\Resources\custom_nodes\lora-info
[2025-08-23 19:58:56.828] --- Logging error ---
[2025-08-23 19:58:56.828]    0.0 seconds: D:\Resources\custom_nodes\ComfyUI-TeaCache
[2025-08-23 19:58:56.828] --- Logging error ---
[2025-08-23 19:58:56.828]    0.0 seconds: D:\Resources\custom_nodes\comfyui-frame-interpolation
[2025-08-23 19:58:56.828] --- Logging error ---
[2025-08-23 19:58:56.828]    0.0 seconds: D:\Resources\custom_nodes\comfyui-kjnodes
[2025-08-23 19:58:56.829] --- Logging error ---
[2025-08-23 19:58:56.829]    0.0 seconds: C:\Users\Admin\AppData\Local\Programs\@comfyorgcomfyui-electron\resources\ComfyUI\custom_nodes\ComfyUI-Manager
[2025-08-23 19:58:56.829] --- Logging error ---
[2025-08-23 19:58:56.829]    0.0 seconds: D:\Resources\custom_nodes\comfyui-videohelpersuite
[2025-08-23 19:58:56.829] --- Logging error ---
[2025-08-23 19:58:56.829]    0.5 seconds: D:\Resources\custom_nodes\facerestore_cf
[2025-08-23 19:58:56.830] --- Logging error ---
[2025-08-23 19:58:56.830]    1.1 seconds (IMPORT FAILED): D:\Resources\custom_nodes\comfyui-easy-use
[2025-08-23 19:58:56.830] --- Logging error ---
[2025-08-23 19:58:56.830]    1.1 seconds: D:\Resources\custom_nodes\ComfyUI-WanVideoWrapper
[2025-08-23 19:58:56.830] --- Logging error ---
[2025-08-23 19:58:56.830] 
[2025-08-23 19:58:57.251] --- Logging error ---
[2025-08-23 19:58:57.251] Failed to initialize database. Please ensure you have installed the latest requirements. If the error persists, please report this as in future the database will be required: (sqlite3.OperationalError) unable to open database file
(Background on this error at: https://sqlalche.me/e/20/e3q8)
[2025-08-23 19:58:57.268] --- Logging error ---
[2025-08-23 19:58:57.268] Starting server

[2025-08-23 19:58:57.268] --- Logging error ---
[2025-08-23 19:58:57.268] To see the GUI go to: http://127.0.0.1:8003
[2025-08-23 19:58:57.356] --- Logging error ---
[2025-08-23 19:58:57.356] [ComfyUI-Manager] default cache updated: https://raw.githubusercontent.com/ltdrdata/ComfyUI-Manager/main/model-list.json
[2025-08-23 19:58:57.570] --- Logging error ---
[2025-08-23 19:58:57.570] [ComfyUI-Manager] default cache updated: https://raw.githubusercontent.com/ltdrdata/ComfyUI-Manager/main/alter-list.json
[2025-08-23 19:58:57.762] --- Logging error ---
[2025-08-23 19:58:57.762] [ComfyUI-Manager] default cache updated: https://raw.githubusercontent.com/ltdrdata/ComfyUI-Manager/main/extension-node-map.json
[2025-08-23 19:58:57.860] --- Logging error ---
[2025-08-23 19:58:57.860] [ComfyUI-Manager] default cache updated: https://raw.githubusercontent.com/ltdrdata/ComfyUI-Manager/main/github-stats.json
[2025-08-23 19:58:58.124] --- Logging error ---
[2025-08-23 19:58:58.124] [ComfyUI-Manager] default cache updated: https://raw.githubusercontent.com/ltdrdata/ComfyUI-Manager/main/custom-node-list.json
[2025-08-23 19:58:58.543] --- Logging error ---
[2025-08-23 19:58:58.543] comfyui-frontend-package not found in requirements.txt
[2025-08-23 19:58:59.042] --- Logging error ---
[2025-08-23 19:58:59.042] comfyui-frontend-package not found in requirements.txt
FETCH ComfyRegistry Data: 5/95Cannot connect to comfyregistry.[2025-08-23 19:59:02.535] Exception in thread Exception in threading.excepthook:Exception ignored in thread started byException ignored in sys.unraisablehookFETCH DATA from: C:\Users\Admin\AppData\Local\Programs\@comfyorgcomfyui-electron\resources\ComfyUI\custom_nodes\ComfyUI-Manager\extension-node-map.json[--- Logging error ---
[2025-08-23 19:59:13.288] Error handling request from 127.0.0.1
[ComfyUI-Manager] The ComfyRegistry cache update is still in progress, so an outdated cache is being used.[2025-08-23 19:59:13.307] --- Logging error ---
[2025-08-23 19:59:13.307] Error handling request from 127.0.0.1
FETCH DATA from: C:\Users\Admin\AppData\Local\Programs\@comfyorgcomfyui-electron\resources\ComfyUI\custom_nodes\ComfyUI-Manager\extension-node-map.json[[2025-08-23 19:59:16.278] --- Logging error ---
[2025-08-23 19:59:16.278] Error handling request from 127.0.0.1
[ComfyUI-Manager] The ComfyRegistry cache update is still in progress, so an outdated cache is being used.[2025-08-23 19:59:16.281] --- Logging error ---
[2025-08-23 19:59:16.281] Error handling request from 127.0.0.1
FETCH DATA from: C:\Users\Admin\AppData\Local\Programs\@comfyorgcomfyui-electron\resources\ComfyUI\custom_nodes\ComfyUI-Manager\extension-node-map.json[[2025-08-23 19:59:22.423] --- Logging error ---
[2025-08-23 19:59:22.423] Error handling request from 127.0.0.1
[ComfyUI-Manager] The ComfyRegistry cache update is still in progress, so an outdated cache is being used.[2025-08-23 19:59:22.426] --- Logging error ---
[2025-08-23 19:59:22.426] Error handling request from 127.0.0.1
FETCH DATA from: C:\Users\Admin\AppData\Local\Programs\@comfyorgcomfyui-electron\resources\ComfyUI\custom_nodes\ComfyUI-Manager\extension-node-map.json[[2025-08-23 19:59:26.011] --- Logging error ---
[2025-08-23 19:59:26.011] Error handling request from 127.0.0.1
[ComfyUI-Manager] The ComfyRegistry cache update is still in progress, so an outdated cache is being used.[2025-08-23 19:59:26.013] --- Logging error ---
[2025-08-23 19:59:26.013] Error handling request from 127.0.0.1
FETCH DATA from: C:\Users\Admin\AppData\Local\Programs\@comfyorgcomfyui-electron\resources\ComfyUI\custom_nodes\ComfyUI-Manager\extension-node-map.json[[2025-08-23 19:59:49.709] --- Logging error ---
[2025-08-23 19:59:49.709] Error handling request from 127.0.0.1
[ComfyUI-Manager] The ComfyRegistry cache update is still in progress, so an outdated cache is being used.[2025-08-23 19:59:49.711] --- Logging error ---
[2025-08-23 19:59:49.711] Error handling request from 127.0.0.1
FETCH DATA from: C:\Users\Admin\AppData\Local\Programs\@comfyorgcomfyui-electron\resources\ComfyUI\custom_nodes\ComfyUI-Manager\extension-node-map.json[[2025-08-23 20:00:20.005] --- Logging error ---
[2025-08-23 20:00:20.005] Error handling request from 127.0.0.1
[ComfyUI-Manager] The ComfyRegistry cache update is still in progress, so an outdated cache is being used.[2025-08-23 20:00:20.007] --- Logging error ---
[2025-08-23 20:00:20.008] Error handling request from 127.0.0.1
FETCH DATA from: C:\Users\Admin\AppData\Local\Programs\@comfyorgcomfyui-electron\resources\ComfyUI\custom_nodes\ComfyUI-Manager\extension-node-map.json[[2025-08-23 20:01:01.299] --- Logging error ---
[2025-08-23 20:01:01.299] Error handling request from 127.0.0.1
[ComfyUI-Manager] The ComfyRegistry cache update is still in progress, so an outdated cache is being used.[2025-08-23 20:01:01.301] --- Logging error ---
[2025-08-23 20:01:01.301] Error handling request from 127.0.0.1
FETCH DATA from: C:\Users\Admin\AppData\Local\Programs\@comfyorgcomfyui-electron\resources\ComfyUI\custom_nodes\ComfyUI-Manager\extension-node-map.json[[2025-08-23 20:01:06.322] --- Logging error ---
[2025-08-23 20:01:06.322] Error handling request from 127.0.0.1
[ComfyUI-Manager] The ComfyRegistry cache update is still in progress, so an outdated cache is being used.[2025-08-23 20:01:06.324] --- Logging error ---
[2025-08-23 20:01:06.324] Error handling request from 127.0.0.1
