## ComfyUI-Manager: installing dependencies done.
[2025-08-23 19:51:27.962] ** ComfyUI startup time: 2025-08-23 19:51:27.962
[2025-08-23 19:51:27.962] ** Platform: Windows
[2025-08-23 19:51:27.962] ** Python version: 3.12.9 (main, Feb 12 2025, 14:52:31) [MSC v.1942 64 bit (AMD64)]
[2025-08-23 19:51:27.962] ** Python executable: D:\Resources\.venv\Scripts\python.exe
[2025-08-23 19:51:27.962] ** ComfyUI Path: C:\Users\Admin\AppData\Local\Programs\@comfyorgcomfyui-electron\resources\ComfyUI
[2025-08-23 19:51:27.962] ** ComfyUI Base Folder Path: C:\Users\Admin\AppData\Local\Programs\@comfyorgcomfyui-electron\resources\ComfyUI
[2025-08-23 19:51:27.964] ** User directory: D:\Resources\user
[2025-08-23 19:51:27.964] ** ComfyUI-Manager config path: D:\Resources\user\default\ComfyUI-Manager\config.ini
[2025-08-23 19:51:27.964] ** Log path: D:\Resources\user\comfyui.log
[ComfyUI-Manager] Failed to restore comfyui-frontend-package
[2025-08-23 19:51:28.927] expected str, bytes or os.PathLike object, not NoneType
[2025-08-23 19:51:28.928] 
Prestartup times for custom nodes:
[2025-08-23 19:51:28.928]    2.5 seconds: C:\Users\Admin\AppData\Local\Programs\@comfyorgcomfyui-electron\resources\ComfyUI\custom_nodes\ComfyUI-Manager
[2025-08-23 19:51:28.928] 
[2025-08-23 19:51:30.489] Checkpoint files will always be loaded safely.
[2025-08-23 19:51:30.608] Total VRAM 16311 MB, total RAM 32678 MB
[2025-08-23 19:51:30.609] pytorch version: 2.7.0+cu128
[2025-08-23 19:51:30.609] Set vram state to: NORMAL_VRAM
[2025-08-23 19:51:30.609] Device: cuda:0 NVIDIA GeForce RTX 5060 Ti : cudaMallocAsync
[2025-08-23 19:51:31.915] Using pytorch attention
[2025-08-23 19:51:33.147] Python version: 3.12.9 (main, Feb 12 2025, 14:52:31) [MSC v.1942 64 bit (AMD64)]
[2025-08-23 19:51:33.147] ComfyUI version: 0.3.51
[2025-08-23 19:51:33.171] [Prompt Server] web root: C:\Users\Admin\AppData\Local\Programs\@comfyorgcomfyui-electron\resources\ComfyUI\web_custom_versions\desktop_app
[2025-08-23 19:51:35.149] [34m[ComfyUI-Easy-Use] server: [0mv1.3.2 [92mLoaded[0m[2025-08-23 19:51:35.151] --- Logging error ---
[2025-08-23 19:51:35.152] Traceback (most recent call last):
  File "C:\Users\Admin\AppData\Local\Programs\@comfyorgcomfyui-electron\resources\ComfyUI\nodes.py", line 2129, in load_custom_node
    module_spec.loader.exec_module(module)
  File "<frozen importlib._bootstrap_external>", line 999, in exec_module
  File "<frozen importlib._bootstrap>", line 488, in _call_with_frames_removed
  File "D:\Resources\custom_nodes\comfyui-easy-use\__init__.py", line 94, in <module>
    print(f'\033[34m[ComfyUI-Easy-Use] server: \033[0mv{__version__} \033[92mLoaded\033[0m')
  File "C:\Users\Admin\AppData\Local\Programs\@comfyorgcomfyui-electron\resources\ComfyUI\custom_nodes\ComfyUI-Manager\prestartup_script.py", line 330, in write
    self.sync_write(message)
  File "C:\Users\Admin\AppData\Local\Programs\@comfyorgcomfyui-electron\resources\ComfyUI\custom_nodes\ComfyUI-Manager\prestartup_script.py", line 346, in sync_write
    original_stdout.flush()
  File "C:\Users\Admin\AppData\Local\Programs\@comfyorgcomfyui-electron\resources\ComfyUI\app\logger.py", line 35, in flush
    super().flush()
OSError: [Errno 22] Invalid argument

[2025-08-23 19:51:35.152] --- Logging error ---
[2025-08-23 19:51:35.152] Cannot import D:\Resources\custom_nodes\comfyui-easy-use module for custom nodes: [Errno 22] Invalid argument
[2025-08-23 19:51:36.631] --- Logging error ---
[2025-08-23 19:51:36.631] Warning: Could not load sageattention: No module named 'sageattention'
[2025-08-23 19:51:36.632] --- Logging error ---
[2025-08-23 19:51:36.632] sageattention package is not installed, sageattention will not be available
[2025-08-23 19:51:36.758] --- Logging error ---
[2025-08-23 19:51:36.758] ### Loading: ComfyUI-Manager (V3.30.4)
[2025-08-23 19:51:36.759] --- Logging error ---
[2025-08-23 19:51:36.759] [ComfyUI-Manager] network_mode: public
[2025-08-23 19:51:36.762] --- Logging error ---
[2025-08-23 19:51:36.762] ### ComfyUI Revision: UNKNOWN (The currently installed ComfyUI is not a Git repository)
[2025-08-23 19:51:36.777] --- Logging error ---
[2025-08-23 19:51:36.777] 
Import times for custom nodes:
[2025-08-23 19:51:36.778] --- Logging error ---
[2025-08-23 19:51:36.778]    0.0 seconds: C:\Users\Admin\AppData\Local\Programs\@comfyorgcomfyui-electron\resources\ComfyUI\custom_nodes\websocket_image_save.py
[2025-08-23 19:51:36.779] --- Logging error ---
[2025-08-23 19:51:36.779]    0.0 seconds: D:\Resources\custom_nodes\lora-info
[2025-08-23 19:51:36.779] --- Logging error ---
[2025-08-23 19:51:36.779]    0.0 seconds: D:\Resources\custom_nodes\ComfyUI-TeaCache
[2025-08-23 19:51:36.779] --- Logging error ---
[2025-08-23 19:51:36.779]    0.0 seconds: D:\Resources\custom_nodes\comfyui-kjnodes
[2025-08-23 19:51:36.780] --- Logging error ---
[2025-08-23 19:51:36.780]    0.0 seconds: D:\Resources\custom_nodes\comfyui-frame-interpolation
[2025-08-23 19:51:36.780] --- Logging error ---
[2025-08-23 19:51:36.780]    0.0 seconds: C:\Users\Admin\AppData\Local\Programs\@comfyorgcomfyui-electron\resources\ComfyUI\custom_nodes\ComfyUI-Manager
[2025-08-23 19:51:36.781] --- Logging error ---
[2025-08-23 19:51:36.781]    0.0 seconds: D:\Resources\custom_nodes\comfyui-videohelpersuite
[2025-08-23 19:51:36.781] --- Logging error ---
[2025-08-23 19:51:36.781]    1.0 seconds (IMPORT FAILED): D:\Resources\custom_nodes\comfyui-easy-use
[2025-08-23 19:51:36.782] --- Logging error ---
[2025-08-23 19:51:36.782]    1.5 seconds: D:\Resources\custom_nodes\ComfyUI-WanVideoWrapper
[2025-08-23 19:51:36.782] --- Logging error ---
[2025-08-23 19:51:36.782] 
[2025-08-23 19:51:37.309] --- Logging error ---
[2025-08-23 19:51:37.309] Failed to initialize database. Please ensure you have installed the latest requirements. If the error persists, please report this as in future the database will be required: (sqlite3.OperationalError) unable to open database file
(Background on this error at: https://sqlalche.me/e/20/e3q8)
[2025-08-23 19:51:37.327] --- Logging error ---
[2025-08-23 19:51:37.327] Starting server

[2025-08-23 19:51:37.328] --- Logging error ---
[2025-08-23 19:51:37.328] To see the GUI go to: http://127.0.0.1:8002
[2025-08-23 19:51:37.457] --- Logging error ---
[2025-08-23 19:51:37.457] [ComfyUI-Manager] default cache updated: https://raw.githubusercontent.com/ltdrdata/ComfyUI-Manager/main/model-list.json
[2025-08-23 19:51:37.460] --- Logging error ---
[2025-08-23 19:51:37.460] [ComfyUI-Manager] default cache updated: https://raw.githubusercontent.com/ltdrdata/ComfyUI-Manager/main/alter-list.json
[2025-08-23 19:51:37.733] --- Logging error ---
[2025-08-23 19:51:37.733] [ComfyUI-Manager] default cache updated: https://raw.githubusercontent.com/ltdrdata/ComfyUI-Manager/main/github-stats.json
[2025-08-23 19:51:37.877] --- Logging error ---
[2025-08-23 19:51:37.877] [ComfyUI-Manager] default cache updated: https://raw.githubusercontent.com/ltdrdata/ComfyUI-Manager/main/extension-node-map.json
[2025-08-23 19:51:38.026] --- Logging error ---
[2025-08-23 19:51:38.026] [ComfyUI-Manager] default cache updated: https://raw.githubusercontent.com/ltdrdata/ComfyUI-Manager/main/custom-node-list.json
[2025-08-23 19:51:39.027] --- Logging error ---
[2025-08-23 19:51:39.027] comfyui-frontend-package not found in requirements.txt
[2025-08-23 19:51:39.498] --- Logging error ---
[2025-08-23 19:51:39.498] comfyui-frontend-package not found in requirements.txt
FETCH ComfyRegistry Data: 5/95Cannot connect to comfyregistry.[2025-08-23 19:51:42.606] Exception in thread Exception in threading.excepthook:Exception ignored in thread started byException ignored in sys.unraisablehookFETCH DATA from: C:\Users\Admin\AppData\Local\Programs\@comfyorgcomfyui-electron\resources\ComfyUI\custom_nodes\ComfyUI-Manager\custom-node-list.json[--- Logging error ---
[2025-08-23 19:52:17.509] Error handling request from 127.0.0.1
ERROR: [2025-08-23 19:53:58.915] Traceback (most recent call last):
[2025-08-23 19:53:58.933] Traceback (most recent call last):
[2025-08-23 19:53:58.934] Exception in thread Exception in threading.excepthook:Exception ignored in thread started byException ignored in sys.unraisablehook