## ComfyUI-Manager: installing dependencies done.
[2025-08-23 20:52:10.147] ** ComfyUI startup time: 2025-08-23 20:52:10.147
[2025-08-23 20:52:10.147] ** Platform: Windows
[2025-08-23 20:52:10.147] ** Python version: 3.12.9 (main, Feb 12 2025, 14:52:31) [MSC v.1942 64 bit (AMD64)]
[2025-08-23 20:52:10.147] ** Python executable: D:\Resources\.venv\Scripts\python.exe
[2025-08-23 20:52:10.147] ** ComfyUI Path: C:\Users\Admin\AppData\Local\Programs\@comfyorgcomfyui-electron\resources\ComfyUI
[2025-08-23 20:52:10.147] ** ComfyUI Base Folder Path: C:\Users\Admin\AppData\Local\Programs\@comfyorgcomfyui-electron\resources\ComfyUI
[2025-08-23 20:52:10.148] ** User directory: D:\Resources\user
[2025-08-23 20:52:10.148] ** ComfyUI-Manager config path: D:\Resources\user\default\ComfyUI-Manager\config.ini
[2025-08-23 20:52:10.148] ** Log path: D:\Resources\user\comfyui.log
[ComfyUI-Manager] Failed to restore comfyui-frontend-package
[2025-08-23 20:52:11.161] expected str, bytes or os.PathLike object, not NoneType
[2025-08-23 20:52:11.161] 
Prestartup times for custom nodes:
[2025-08-23 20:52:11.161]    2.7 seconds: C:\Users\Admin\AppData\Local\Programs\@comfyorgcomfyui-electron\resources\ComfyUI\custom_nodes\ComfyUI-Manager
[2025-08-23 20:52:11.162] 
[2025-08-23 20:52:14.052] Checkpoint files will always be loaded safely.
[2025-08-23 20:52:14.202] Total VRAM 16311 MB, total RAM 32678 MB
[2025-08-23 20:52:14.202] pytorch version: 2.7.0+cu128
[2025-08-23 20:52:14.203] Set vram state to: NORMAL_VRAM
[2025-08-23 20:52:14.203] Device: cuda:0 NVIDIA GeForce RTX 5060 Ti : cudaMallocAsync
[2025-08-23 20:52:16.065] Using pytorch attention
[2025-08-23 20:52:18.144] Python version: 3.12.9 (main, Feb 12 2025, 14:52:31) [MSC v.1942 64 bit (AMD64)]
[2025-08-23 20:52:18.144] ComfyUI version: 0.3.51
[2025-08-23 20:52:18.168] [Prompt Server] web root: C:\Users\Admin\AppData\Local\Programs\@comfyorgcomfyui-electron\resources\ComfyUI\web_custom_versions\desktop_app
[2025-08-23 20:52:21.916] Warning: Could not load sageattention: No module named 'sageattention'
[2025-08-23 20:52:21.916] sageattention package is not installed, sageattention will not be available
[2025-08-23 20:52:22.015] ### Loading: ComfyUI-Manager (V3.30.4)
[2025-08-23 20:52:22.015] [ComfyUI-Manager] network_mode: public
[2025-08-23 20:52:22.016] ### ComfyUI Revision: UNKNOWN (The currently installed ComfyUI is not a Git repository)
[2025-08-23 20:52:22.026] 
Import times for custom nodes:
[2025-08-23 20:52:22.026]    0.0 seconds: C:\Users\Admin\AppData\Local\Programs\@comfyorgcomfyui-electron\resources\ComfyUI\custom_nodes\websocket_image_save.py
[2025-08-23 20:52:22.026]    0.0 seconds: D:\Resources\custom_nodes\lora-info
[2025-08-23 20:52:22.026]    0.0 seconds: C:\Users\Admin\AppData\Local\Programs\@comfyorgcomfyui-electron\resources\ComfyUI\custom_nodes\ComfyUI-Manager
[2025-08-23 20:52:22.026]    0.0 seconds: D:\Resources\custom_nodes\comfyui-frame-interpolation
[2025-08-23 20:52:22.026]    0.0 seconds: D:\Resources\custom_nodes\comfyui-videohelpersuite
[2025-08-23 20:52:22.027]    0.1 seconds: D:\Resources\custom_nodes\comfyui-kjnodes
[2025-08-23 20:52:22.027]    1.1 seconds: D:\Resources\custom_nodes\ComfyUI-TeaCache
[2025-08-23 20:52:22.027]    1.2 seconds: D:\Resources\custom_nodes\ComfyUI-WanVideoWrapper
[2025-08-23 20:52:22.027] 
[2025-08-23 20:52:22.533] Failed to initialize database. Please ensure you have installed the latest requirements. If the error persists, please report this as in future the database will be required: (sqlite3.OperationalError) unable to open database file
(Background on this error at: https://sqlalche.me/e/20/e3q8)
[2025-08-23 20:52:22.550] Starting server

[2025-08-23 20:52:22.550] To see the GUI go to: http://127.0.0.1:8006
[2025-08-23 20:52:23.027] [ComfyUI-Manager] default cache updated: https://raw.githubusercontent.com/ltdrdata/ComfyUI-Manager/main/github-stats.json
[2025-08-23 20:52:23.064] [ComfyUI-Manager] default cache updated: https://raw.githubusercontent.com/ltdrdata/ComfyUI-Manager/main/alter-list.json
[2025-08-23 20:52:23.276] [ComfyUI-Manager] default cache updated: https://raw.githubusercontent.com/ltdrdata/ComfyUI-Manager/main/custom-node-list.json
[2025-08-23 20:52:23.530] [ComfyUI-Manager] default cache updated: https://raw.githubusercontent.com/ltdrdata/ComfyUI-Manager/main/model-list.json
[2025-08-23 20:52:23.576] [ComfyUI-Manager] default cache updated: https://raw.githubusercontent.com/ltdrdata/ComfyUI-Manager/main/extension-node-map.json
[2025-08-23 20:52:24.288] comfyui-frontend-package not found in requirements.txt
[2025-08-23 20:52:24.762] comfyui-frontend-package not found in requirements.txt
[2025-08-23 20:52:27.595] FETCH ComfyRegistry Data: 5/95
[2025-08-23 20:52:31.848] FETCH ComfyRegistry Data: 10/95
[2025-08-23 20:52:36.498] FETCH ComfyRegistry Data: 15/95
[2025-08-23 20:52:38.785] FETCH DATA from: C:\Users\Admin\AppData\Local\Programs\@comfyorgcomfyui-electron\resources\ComfyUI\custom_nodes\ComfyUI-Manager\extension-node-map.json [DONE]
[2025-08-23 20:52:38.826] [ComfyUI-Manager] The ComfyRegistry cache update is still in progress, so an outdated cache is being used.
[2025-08-23 20:52:38.941] nightly_channel: local/local
[2025-08-23 20:52:38.941] FETCH DATA from: C:\Users\Admin\AppData\Local\Programs\@comfyorgcomfyui-electron\resources\ComfyUI\custom_nodes\ComfyUI-Manager\custom-node-list.json [DONE]
[2025-08-23 20:52:38.990] FETCH DATA from: C:\Users\Admin\AppData\Local\Programs\@comfyorgcomfyui-electron\resources\ComfyUI\custom_nodes\ComfyUI-Manager\github-stats.json [DONE]
[2025-08-23 20:52:38.994] FETCH DATA from: C:\Users\Admin\AppData\Local\Programs\@comfyorgcomfyui-electron\resources\ComfyUI\custom_nodes\ComfyUI-Manager\extras.json [DONE]
[2025-08-23 20:52:44.955] FETCH ComfyRegistry Data: 20/95
[2025-08-23 20:52:49.787] FETCH ComfyRegistry Data: 25/95
[2025-08-23 20:52:54.440] FETCH ComfyRegistry Data: 30/95
[2025-08-23 20:52:58.694] FETCH ComfyRegistry Data: 35/95
[2025-08-23 20:53:03.225] FETCH ComfyRegistry Data: 40/95
[2025-08-23 20:53:07.566] FETCH ComfyRegistry Data: 45/95
[2025-08-23 20:53:12.100] FETCH ComfyRegistry Data: 50/95
[2025-08-23 20:53:16.512] FETCH ComfyRegistry Data: 55/95
[2025-08-23 20:53:20.843] FETCH ComfyRegistry Data: 60/95
[2025-08-23 20:53:25.401] FETCH ComfyRegistry Data: 65/95
[2025-08-23 20:53:30.082] FETCH ComfyRegistry Data: 70/95
[2025-08-23 20:53:34.469] FETCH ComfyRegistry Data: 75/95
[2025-08-23 20:53:40.217] FETCH ComfyRegistry Data: 80/95
[2025-08-23 20:53:45.009] FETCH ComfyRegistry Data: 85/95
[2025-08-23 20:53:49.990] FETCH ComfyRegistry Data: 90/95
[2025-08-23 20:53:54.504] FETCH ComfyRegistry Data: 95/95
[2025-08-23 20:53:55.005] FETCH ComfyRegistry Data [DONE]
[2025-08-23 20:53:55.147] [ComfyUI-Manager] default cache updated: https://api.comfy.org/nodes
[2025-08-23 20:53:55.168] nightly_channel: 
[2025-08-23 20:53:55.168] https://raw.githubusercontent.com/ltdrdata/ComfyUI-Manager/main/remote
[2025-08-23 20:53:55.168] FETCH DATA from: https://raw.githubusercontent.com/ltdrdata/ComfyUI-Manager/main/custom-node-list.json [DONE]
[2025-08-23 20:53:56.377] [ComfyUI-Manager] All startup tasks have been completed.
